# This file was created by stressberry v0.3.3 on 2021-06-18 07:53:13.070816
ambient: []
cpu frequency: [700.154304, 800.191424, 600.117184, 600.117184, 600.16992, 700.154304,
  700.154304, 600.16992, 600.117184, 600.117184, 600.16992, 600.16992, 700.154304,
  600.16992, 600.117184, 600.16992, 600.16992, 700.154304, 600.16992, 600.16992, 600.117184,
  700.154304, 600.117184, 600.117184, 600.16992, 600.117184, 800.24416, 800.191424,
  700.154304, 600.117184, 600.117184, 700.20704, 600.16992, 700.154304, 900.228544,
  1000.212864, 1000.212864, 1000.2656, 1000.2656, 700.154304, 600.117184, 600.16992,
  600.16992, 700.20704, 600.16992, 600.16992, 600.117184, 700.154304, 600.16992, 600.117184,
  600.117184, 600.117184, 600.16992, 600.16992, 600.16992, 600.117184, 800.191424,
  700.154304, 700.154304, 700.20704, 700.154304, 700.154304, 700.20704, 700.20704,
  800.191424, 900.228544, 1000.212864, 1000.212864, 1000.2656, 700.20704, 600.16992,
  600.16992, 600.16992, 700.154304, 1500.345728, 1500.345728, 1500.345728, 1500.345728,
  1500.398464, 1500.398464, 1500.345728, 1500.345728, 1500.398464, 1500.345728, 1500.345728,
  1500.345728, 1500.398464, 1500.345728, 1500.345728, 1500.345728, 1500.398464, 1500.345728,
  1500.345728, 1500.398464, 1500.345728, 1500.398464, 1500.398464, 1500.345728, 1500.345728,
  1500.345728, 1500.398464, 1500.345728, 1500.345728, 1500.345728, 1500.398464, 1500.398464,
  1500.345728, 1500.345728, 1500.345728, 1500.345728, 1500.345728, 1500.345728, 1500.345728,
  1500.345728, 1500.398464, 1500.398464, 1500.398464, 1500.345728, 1500.398464, 1500.345728,
  1500.345728, 1500.345728, 1500.398464, 1500.398464, 1500.398464, 1500.398464, 1500.345728,
  1500.398464, 1500.398464, 1500.345728, 1500.398464, 1500.398464, 1500.345728, 1500.398464,
  1500.398464, 1500.345728, 1500.345728, 1500.345728, 1500.345728, 1500.398464, 1500.345728,
  1500.345728, 1500.345728, 1500.345728, 1500.398464, 1500.345728, 1500.398464, 1500.398464,
  1500.345728, 1500.345728, 1500.398464, 1500.345728, 1500.398464, 1500.345728, 1500.398464,
  1500.345728, 1500.345728, 1500.398464, 1500.345728, 1500.398464, 1500.345728, 1500.398464,
  1500.398464, 1500.398464, 1500.345728, 1500.345728, 1500.345728, 1500.398464, 1500.345728,
  1500.345728, 1500.345728, 1500.345728, 1500.345728, 1500.345728, 1500.345728, 1500.345728,
  1500.345728, 1500.398464, 1500.345728, 1500.345728, 1500.345728, 1500.398464, 1500.398464,
  1500.345728, 1500.398464, 1500.398464, 1500.398464, 1500.345728, 1500.398464, 1500.398464,
  1500.345728, 1500.345728, 1500.398464, 1500.398464, 1500.345728, 1500.345728, 1500.398464,
  1500.398464, 1500.345728, 1500.345728, 1500.345728, 1500.345728, 1500.345728, 1500.398464,
  1500.345728, 1500.345728, 1500.398464, 1500.398464, 1500.398464, 1500.345728, 1500.345728,
  1500.345728, 1500.398464, 1500.345728, 1500.345728, 1500.398464, 1500.345728, 1500.345728,
  1500.345728, 1500.398464, 1500.345728, 1500.345728, 1500.398464, 1500.398464, 1500.345728,
  1500.398464, 1500.345728, 1500.398464, 1500.345728, 1500.398464, 1500.345728, 1500.398464,
  1500.398464, 1500.398464, 1500.398464, 1500.345728, 1500.398464, 1500.345728, 1500.398464,
  1500.345728, 1500.398464, 1500.398464, 1500.345728, 1500.345728, 1500.398464, 1500.398464,
  1500.345728, 1500.398464, 1500.345728, 1500.345728, 1500.345728, 1500.345728, 1500.345728,
  1500.345728, 1500.345728, 1500.398464, 1500.345728, 1500.398464, 1500.398464, 1500.345728,
  1500.398464, 1500.398464, 1500.398464, 1500.398464, 1500.398464, 1500.345728, 1500.398464,
  1500.398464, 1500.345728, 1500.345728, 1500.345728, 1500.345728, 1500.345728, 1500.345728,
  1500.398464, 1500.345728, 1500.398464, 1500.345728, 1500.345728, 1500.398464, 1500.345728,
  1500.345728, 1500.345728, 1500.345728, 1500.345728, 1500.345728, 1500.398464, 1500.345728,
  1500.345728, 1500.398464, 1500.345728, 1500.345728, 1500.345728, 1500.398464, 1500.398464,
  1500.345728, 1500.398464, 1500.398464, 1500.345728, 1500.345728, 1500.398464, 1500.345728,
  1500.345728, 1500.398464, 1500.345728, 1500.345728, 1500.345728, 1500.345728, 1500.345728,
  1500.398464, 1500.398464, 1500.345728, 1500.398464, 1500.345728, 1500.345728, 1500.345728,
  1500.398464, 1500.345728, 1500.398464, 1500.345728, 1500.345728, 1500.398464, 1500.345728,
  1500.398464, 1500.345728, 1500.345728, 1500.398464, 1500.345728, 1500.345728, 1500.345728,
  1500.345728, 1500.345728, 1500.398464, 1500.398464, 1500.345728, 1500.345728, 1500.345728,
  1500.398464, 1500.345728, 1500.398464, 1500.345728, 1500.398464, 1500.345728, 1500.345728,
  1500.345728, 1500.398464, 1500.345728, 1500.345728, 1500.398464, 1500.345728, 1500.398464,
  1500.345728, 1500.398464, 1500.345728, 1500.345728, 1500.345728, 1500.345728, 1500.345728,
  1500.345728, 1500.345728, 1500.398464, 1500.398464, 1500.345728, 1500.345728, 1500.345728,
  1500.345728, 1500.398464, 1500.345728, 1500.398464, 1500.345728, 1500.398464, 1500.345728,
  1500.398464, 1500.398464, 1500.398464, 1500.345728, 1500.398464, 1500.345728, 1500.345728,
  1500.398464, 1500.398464, 1500.345728, 1500.345728, 1500.345728, 1500.345728, 1500.398464,
  1500.398464, 1500.345728, 1500.398464, 1500.345728, 1500.345728, 1500.345728, 1500.398464,
  1500.345728, 1500.345728, 1500.398464, 1500.398464, 1500.345728, 1500.345728, 1500.345728,
  1500.345728, 1500.398464, 1500.398464, 1500.398464, 1500.398464, 1500.345728, 1500.345728,
  1500.398464, 1500.398464, 1500.345728, 1500.345728, 1500.345728, 1500.345728, 1500.345728,
  1500.345728, 1500.345728, 1500.345728, 1500.345728, 1500.398464, 1500.398464, 1500.345728,
  1500.345728, 1500.345728, 1500.398464, 1500.398464, 1500.398464, 1500.345728, 1500.345728,
  1500.398464, 1500.345728, 1500.345728, 1500.398464, 1500.398464, 1500.345728, 1500.398464,
  1500.398464, 1500.345728, 1500.345728, 1500.345728, 1500.345728, 1500.345728, 1500.398464,
  1500.345728, 1500.345728, 1500.398464, 1500.398464, 1500.398464, 1500.398464, 1500.398464,
  1500.345728, 1500.345728, 1500.345728, 1500.345728, 1500.345728, 1500.398464, 1500.345728,
  1500.398464, 1500.398464, 1500.345728, 1500.398464, 1500.345728, 1500.398464, 1500.345728,
  1500.398464, 1500.345728, 1500.345728, 1500.398464, 1500.398464, 1500.345728, 1500.345728,
  1500.398464, 1500.398464, 1500.345728, 1500.398464, 1500.345728, 1500.345728, 1500.398464,
  1500.345728, 1500.345728, 1500.398464, 1500.345728, 1500.345728, 1500.345728, 1500.398464,
  1500.345728, 1500.345728, 1500.398464, 1500.345728, 1500.345728, 1500.398464, 1500.345728,
  1500.345728, 1500.345728, 1500.345728, 1500.398464, 1500.345728, 1500.345728, 1500.398464,
  1500.398464, 1500.345728, 1500.345728, 1500.398464, 1500.345728, 1500.345728, 1500.398464,
  1500.398464, 1500.398464, 1500.345728, 1500.345728, 1500.398464, 600.117184, 600.16992,
  800.191424, 800.191424, 900.228544, 800.191424, 1000.2656, 1000.2656, 1000.2656,
  700.154304, 600.117184, 600.117184, 600.16992, 700.154304, 600.16992, 600.117184,
  600.117184, 600.117184, 700.154304, 600.117184, 600.16992, 600.117184, 600.16992,
  700.20704, 600.16992, 600.16992, 600.16992, 600.117184, 700.154304, 600.117184,
  600.16992, 600.16992, 600.117184, 800.191424, 900.228544, 1000.212864, 1000.2656,
  900.228544, 1000.2656, 900.175808, 700.154304, 700.154304, 700.20704, 600.16992,
  600.16992, 600.117184, 700.154304, 600.16992, 600.16992, 600.16992, 600.117184,
  700.154304, 600.16992, 600.117184, 600.16992, 600.16992, 600.16992, 700.154304,
  700.20704, 600.117184, 700.154304, 700.154304, 700.154304, 700.154304, 600.117184,
  600.117184, 900.175808, 900.228544, 900.228544, 900.228544, 900.228544, 700.154304,
  700.154304]
name: fan_3.3
temperature: [41.8, 40.9, 41.3, 41.3, 41.3, 41.8, 41.3, 41.3, 41.3, 40.4, 41.3, 42.3,
  40.9, 40.9, 41.8, 41.3, 41.3, 40.9, 42.3, 41.8, 40.9, 41.8, 40.9, 40.9, 42.3, 40.9,
  41.3, 40.9, 41.3, 40.9, 41.3, 41.3, 42.3, 41.8, 41.3, 42.3, 41.3, 41.8, 41.8, 41.3,
  42.3, 41.8, 40.4, 41.8, 40.9, 43.3, 41.8, 41.8, 41.3, 41.3, 42.3, 41.3, 41.8, 41.3,
  40.9, 41.8, 41.3, 41.3, 42.8, 42.3, 41.8, 41.3, 41.3, 41.8, 42.3, 41.3, 42.3, 42.3,
  42.8, 42.8, 41.8, 42.3, 41.8, 41.3, 43.3, 45.7, 47.7, 46.7, 49.1, 49.6, 49.6, 50.6,
  50.1, 50.1, 50.6, 50.6, 52.1, 51.6, 51.1, 52.1, 52.1, 53.0, 52.5, 52.5, 53.0, 53.5,
  53.5, 53.0, 53.5, 53.5, 53.5, 53.5, 54.0, 53.5, 54.5, 53.5, 54.5, 55.5, 54.0, 54.5,
  55.0, 54.5, 54.5, 55.5, 55.5, 55.0, 55.0, 55.5, 55.0, 55.5, 55.0, 55.5, 56.0, 55.5,
  54.5, 56.4, 56.0, 56.4, 56.0, 56.0, 54.5, 56.0, 56.4, 56.9, 56.9, 56.9, 56.9, 56.0,
  57.4, 56.4, 56.4, 56.4, 56.9, 56.0, 56.4, 57.4, 56.9, 57.4, 56.9, 56.9, 56.9, 56.4,
  56.4, 56.9, 56.9, 57.9, 56.9, 56.9, 56.9, 56.9, 56.9, 56.4, 58.4, 56.4, 57.4, 56.9,
  57.9, 58.4, 57.9, 57.4, 57.9, 57.4, 57.9, 58.4, 58.9, 57.9, 58.4, 57.4, 58.4, 58.4,
  58.4, 57.9, 56.9, 58.4, 58.4, 57.9, 58.9, 58.4, 58.9, 58.9, 58.4, 58.9, 58.9, 58.4,
  58.9, 58.4, 58.9, 57.9, 57.4, 58.4, 57.9, 58.9, 58.9, 58.9, 58.4, 58.9, 58.9, 58.9,
  58.4, 58.4, 58.4, 58.9, 58.4, 58.4, 58.9, 58.4, 58.4, 58.4, 57.9, 59.4, 59.4, 59.4,
  58.4, 59.9, 58.9, 58.4, 59.4, 58.9, 58.9, 58.9, 58.9, 58.4, 58.9, 58.4, 59.4, 58.9,
  58.9, 59.4, 58.9, 59.4, 59.4, 58.9, 57.9, 59.4, 58.4, 59.4, 59.4, 59.4, 58.9, 58.9,
  58.9, 58.4, 59.4, 59.4, 58.9, 58.9, 59.4, 58.4, 58.9, 57.9, 58.4, 59.9, 59.4, 58.9,
  58.9, 59.9, 58.4, 58.4, 58.9, 59.4, 59.9, 59.4, 58.4, 59.9, 59.4, 58.4, 58.4, 58.4,
  58.4, 58.9, 59.4, 59.4, 57.9, 59.4, 58.9, 58.9, 59.4, 58.4, 58.9, 58.4, 59.9, 59.4,
  58.4, 59.4, 59.9, 59.9, 57.9, 58.9, 57.9, 57.9, 60.3, 58.9, 59.9, 59.4, 58.9, 58.9,
  58.4, 58.9, 58.4, 58.9, 58.9, 58.4, 59.4, 59.4, 59.4, 59.4, 59.9, 58.9, 58.9, 59.4,
  58.9, 58.4, 59.4, 58.4, 59.4, 58.9, 58.9, 58.4, 58.4, 58.4, 59.4, 59.4, 59.4, 58.4,
  58.9, 59.4, 57.9, 58.9, 58.9, 59.4, 58.9, 58.9, 59.4, 59.9, 58.4, 58.9, 58.9, 58.9,
  59.4, 58.4, 59.4, 60.3, 58.4, 58.4, 58.9, 59.9, 58.9, 58.9, 59.4, 59.4, 58.9, 58.9,
  59.4, 58.9, 58.9, 59.4, 57.9, 59.4, 58.9, 60.3, 59.9, 58.9, 58.9, 58.4, 59.9, 60.3,
  60.3, 58.9, 59.4, 59.4, 59.4, 58.4, 58.9, 59.4, 58.9, 58.4, 58.9, 58.9, 58.9, 59.9,
  58.4, 58.9, 59.9, 58.4, 58.4, 59.9, 58.9, 59.9, 58.4, 59.4, 59.4, 59.4, 59.4, 58.9,
  59.9, 59.9, 59.9, 58.4, 59.4, 59.4, 59.4, 58.9, 59.4, 58.9, 58.4, 59.4, 59.4, 59.4,
  58.9, 59.4, 58.9, 59.4, 59.4, 59.4, 58.9, 59.4, 58.9, 59.9, 58.9, 58.4, 58.9, 57.9,
  59.4, 58.9, 58.9, 59.4, 58.9, 58.4, 59.4, 60.3, 60.3, 59.4, 58.4, 58.9, 59.9, 58.9,
  58.4, 58.9, 59.4, 58.4, 58.4, 59.4, 60.8, 58.9, 58.9, 59.4, 58.9, 59.4, 58.9, 59.9,
  58.9, 59.4, 59.4, 58.9, 59.4, 59.9, 59.4, 58.9, 58.9, 58.9, 59.4, 59.9, 58.9, 59.4,
  58.9, 59.4, 59.9, 58.4, 59.9, 59.9, 59.4, 59.4, 58.9, 58.9, 58.4, 58.9, 59.9, 58.4,
  58.9, 59.9, 59.9, 58.9, 58.4, 58.9, 58.9, 58.4, 60.3, 60.3, 58.4, 59.4, 60.3, 59.9,
  58.9, 58.4, 58.9, 58.9, 59.4, 58.9, 58.9, 56.4, 54.0, 53.5, 53.0, 53.0, 52.1, 52.1,
  51.6, 52.1, 51.1, 50.1, 50.1, 49.1, 50.6, 48.7, 49.1, 49.6, 49.1, 49.6, 48.7, 48.7,
  48.2, 49.1, 48.7, 48.7, 48.7, 47.7, 47.7, 47.7, 48.2, 47.7, 47.7, 47.7, 46.7, 46.7,
  47.2, 47.2, 47.2, 46.7, 47.2, 47.7, 47.2, 46.7, 46.7, 47.2, 47.2, 46.2, 46.2, 46.7,
  46.2, 46.7, 46.2, 47.2, 45.2, 46.7, 45.7, 46.2, 44.8, 45.7, 46.2, 46.2, 45.7, 45.7,
  45.2, 45.7, 45.7, 45.7, 45.2, 45.2, 46.2, 45.7, 45.2, 45.2, 45.2]
time: [0.0, 2.030323028564453, 4.060657978057861, 6.095396280288696, 8.132705211639404,
  10.16731858253479, 12.19813323020935, 14.22592306137085, 16.26027512550354, 18.295878648757935,
  20.33162498474121, 22.366074323654175, 24.40115189552307, 26.435206651687622, 28.467986822128296,
  30.50233268737793, 32.537020683288574, 34.57185363769531, 36.606571674346924, 38.64121460914612,
  40.67710757255554, 42.71284532546997, 44.747108459472656, 46.78261756896973, 48.81804919242859,
  50.855385065078735, 52.891356229782104, 54.92807221412659, 56.95815634727478, 58.98821783065796,
  61.023804903030396, 63.0583918094635, 65.09291625022888, 67.13105344772339, 69.16099619865417,
  71.18511819839478, 73.20703721046448, 75.22899174690247, 77.25093674659729, 79.27297258377075,
  81.30285167694092, 83.33771538734436, 85.37246298789978, 87.40705156326294, 89.43993473052979,
  91.47444343566895, 93.5100531578064, 95.54467558860779, 97.58539605140686, 99.62275624275208,
  101.6574022769928, 103.6919014453888, 105.72639298439026, 107.76119256019592, 109.79985094070435,
  111.8344509601593, 113.87614250183105, 115.90915703773499, 117.94105386734009, 119.97196316719055,
  122.00215339660645, 124.03230619430542, 126.0626904964447, 128.0990710258484, 130.13075280189514,
  132.1576793193817, 134.1819200515747, 136.20399641990662, 138.22621703147888, 140.24890041351318,
  142.28028774261475, 144.31544494628906, 146.35021114349365, 148.38497757911682,
  150.41859340667725, 152.4872589111328, 154.5462884902954, 156.61671257019043, 158.67690062522888,
  160.746741771698, 162.81653833389282, 164.88603496551514, 166.95607566833496, 169.0167760848999,
  171.08996558189392, 173.17776370048523, 175.25670838356018, 177.31772184371948,
  179.39661574363708, 181.45671677589417, 183.51730513572693, 185.58601117134094,
  187.64633131027222, 189.707293510437, 191.7764699459076, 193.83793091773987, 195.90793013572693,
  197.98676800727844, 200.04780411720276, 202.1369469165802, 204.1977574825287, 206.27665948867798,
  208.33784198760986, 210.41666197776794, 212.48855113983154, 214.56653761863708,
  216.63645720481873, 218.72642040252686, 220.79601669311523, 222.86339020729065,
  224.93633270263672, 227.0063133239746, 229.0763189792633, 231.1564371585846, 233.22729754447937,
  235.29635286331177, 237.36636328697205, 239.42727065086365, 241.49610710144043,
  243.55754852294922, 245.6360354423523, 247.69735980033875, 249.77603363990784, 251.8466672897339,
  253.91609239578247, 255.98608803749084, 258.05634570121765, 260.1365101337433, 262.22642755508423,
  264.2872967720032, 266.3567855358124, 268.4177677631378, 270.4874212741852, 272.5763690471649,
  274.6464741230011, 276.7168114185333, 278.7870111465454, 280.8567535877228, 282.9363238811493,
  285.0064971446991, 287.06765604019165, 289.15663957595825, 291.236083984375, 293.29634857177734,
  295.3563356399536, 297.42611742019653, 299.4964737892151, 301.56650400161743, 303.62683176994324,
  305.68910670280457, 307.7568197250366, 309.82607102394104, 311.90629982948303, 313.9676718711853,
  316.0561020374298, 318.14644408226013, 320.20677423477173, 322.2673132419586, 324.33635902404785,
  326.39733147621155, 328.46664690971375, 330.5367648601532, 332.6064832210541, 334.66729521751404,
  336.73604702949524, 338.7964737415314, 340.8710548877716, 342.94678688049316, 345.00792932510376,
  347.08949995040894, 349.18690967559814, 351.2567775249481, 353.3266429901123, 355.3878524303436,
  357.4663784503937, 359.53609442710876, 361.59773349761963, 363.67604660987854, 365.74645733833313,
  367.80074667930603, 369.8866627216339, 371.94770431518555, 374.017676115036, 376.11464953422546,
  378.1968684196472, 380.2422614097595, 382.3165843486786, 384.3860182762146, 386.44729495048523,
  388.507297039032, 390.5663559436798, 392.6377520561218, 394.70758390426636, 396.7765202522278,
  398.8474540710449, 400.9163725376129, 402.98646211624146, 405.0564594268799, 407.1364917755127,
  409.2065460681915, 411.27678322792053, 413.34647607803345, 415.4164786338806, 417.4712166786194,
  419.53734493255615, 421.5974237918854, 423.6764807701111, 425.74609661102295, 427.8079264163971,
  429.88688230514526, 431.95616388320923, 434.02601075172424, 436.12814378738403,
  438.2062039375305, 440.2877058982849, 442.3663544654846, 444.4363925457001, 446.50651836395264,
  448.5804138183594, 450.65653944015503, 452.7364203929901, 454.8065118789673, 456.88687658309937,
  458.9651024341583, 461.02775144577026, 463.1130020618439, 465.18657994270325, 467.2478549480438,
  469.33783984184265, 471.40777134895325, 473.4868206977844, 475.55678129196167, 477.6365625858307,
  479.71654987335205, 481.78649044036865, 483.8605954647064, 485.93678188323975, 487.99777269363403,
  490.066819190979, 492.15072894096375, 494.2268135547638, 496.28780126571655, 498.35783791542053,
  500.43648052215576, 502.4977881908417, 504.576500415802, 506.6460826396942, 508.71632742881775,
  510.79602789878845, 512.8664400577545, 514.936038017273, 516.9963898658752, 519.0763528347015,
  521.1668558120728, 523.2466547489166, 525.3161430358887, 527.3774211406708, 529.4661560058594,
  531.5461161136627, 533.6073849201202, 535.6763973236084, 537.7367498874664, 539.8060209751129,
  541.8763983249664, 543.9376924037933, 546.0162355899811, 548.0778429508209, 550.1865229606628,
  552.2564306259155, 554.3260812759399, 556.3967926502228, 558.4665060043335, 560.5364623069763,
  562.5973427295685, 564.666362285614, 566.7363786697388, 568.7976818084717, 570.886118888855,
  572.9566593170166, 575.0261006355286, 577.1027338504791, 579.1861357688904, 581.2560493946075,
  583.3163635730743, 585.3778381347656, 587.4477226734161, 589.5264530181885, 591.5867648124695,
  593.6476955413818, 595.7021162509918, 597.7672772407532, 599.8360676765442, 601.8976986408234,
  603.9764051437378, 606.0467405319214, 608.116899728775, 610.1864445209503, 612.2566475868225,
  614.3261089324951, 616.3963377475739, 618.4564459323883, 620.5173389911652, 622.5763008594513,
  624.6460561752319, 626.7161104679108, 628.7974395751953, 630.8860447406769, 632.9560952186584,
  635.0260601043701, 637.1051967144012, 639.1761784553528, 641.2461292743683, 643.3361101150513,
  645.4074113368988, 647.4773223400116, 649.5562057495117, 651.6183712482452, 653.6964111328125,
  655.7660231590271, 657.8363437652588, 659.9063231945038, 661.9763267040253, 664.0460455417633,
  666.116242647171, 668.1812000274658, 670.2477660179138, 672.3173086643219, 674.3763556480408,
  676.4373190402985, 678.5073618888855, 680.5674207210541, 682.6460757255554, 684.7076997756958,
  686.7864911556244, 688.832239151001, 690.9064598083496, 692.976763010025, 695.0377552509308,
  697.1165902614594, 699.1865932941437, 701.2564442157745, 703.3263690471649, 705.3968365192413,
  707.4664821624756, 709.5277695655823, 711.6064684391022, 713.6677384376526, 715.7467811107635,
  717.8264954090118, 719.9164392948151, 721.986465215683, 724.0567498207092, 726.1269342899323,
  728.1964752674103, 730.2667739391327, 732.3267724514008, 734.3965191841125, 736.4421124458313,
  738.5261669158936, 740.5963206291199, 742.6667530536652, 744.736316204071, 746.7973475456238,
  748.8674466609955, 750.88334608078, 752.946469783783, 755.0163152217865, 757.0763227939606,
  759.1569986343384, 761.2372114658356, 763.3060598373413, 765.3760793209076, 767.4373502731323,
  769.506370306015, 771.5678062438965, 773.6377651691437, 775.7165064811707, 777.779239654541,
  779.8626036643982, 781.9368743896484, 784.006477355957, 786.076518535614, 788.1561267375946,
  790.2173745632172, 792.2873380184174, 794.3473298549652, 796.4261853694916, 798.4973487854004,
  800.5661115646362, 802.6365058422089, 804.7064905166626, 806.7765293121338, 808.8466017246246,
  810.9166045188904, 812.9864814281464, 815.0565557479858, 817.1367874145508, 819.1993861198425,
  821.2764894962311, 823.3465633392334, 825.4164838790894, 827.4868159294128, 829.55686211586,
  831.6264848709106, 833.6965174674988, 835.7764925956726, 837.847424030304, 839.9268803596497,
  841.9818575382233, 844.0560653209686, 846.1767358779907, 848.2373397350311, 850.2976703643799,
  852.3773398399353, 854.4375801086426, 856.5160467624664, 858.5862917900085, 860.6560678482056,
  862.7178483009338, 864.7873156070709, 866.8622703552246, 868.9276988506317, 871.0060408115387,
  873.067720413208, 875.1376700401306, 877.2163627147675, 879.277708530426, 881.3422894477844,
  883.4163875579834, 885.4864301681519, 887.5565009117126, 889.6268925666809, 891.6876208782196,
  893.7667753696442, 895.8367359638214, 897.9067764282227, 899.9763925075531, 902.046450138092,
  904.1135258674622, 906.1960844993591, 908.2661998271942, 910.3263823986053, 912.3723990917206,
  914.4464709758759, 916.5077660083771, 918.5864973068237, 920.6564695835114, 922.717556476593,
  924.7873406410217, 926.8562722206116, 928.9163856506348, 930.9963665008545, 933.0660445690155,
  935.127744436264, 937.2068526744843, 939.2764921188354, 941.3375387191772, 943.4160587787628,
  945.476372718811, 947.546489238739, 949.6164557933807, 951.6864893436432, 953.7565314769745,
  955.7795736789703, 957.8495256900787, 959.9187681674957, 961.9873657226562, 964.0463418960571,
  966.1262538433075, 968.1961238384247, 970.2573311328888, 972.3264310359955, 974.3963332176208,
  976.4577484130859, 978.5277051925659, 980.5977246761322, 982.6764528751373, 984.7467744350433,
  986.81645154953, 988.8867626190186, 990.9564971923828, 993.0167391300201, 995.1122169494629,
  997.186445236206, 999.2565195560455, 1001.3264560699463, 1003.3965184688568, 1005.4664645195007,
  1007.5367531776428, 1009.597772359848, 1011.6348671913147, 1013.7064790725708, 1015.7767372131348,
  1017.8376870155334, 1019.9163663387299, 1021.9773759841919, 1024.0473935604095,
  1026.1377880573273, 1028.2164072990417, 1030.2864689826965, 1032.3567843437195,
  1034.4264788627625, 1036.4960701465607, 1038.5660634040833, 1040.6364657878876,
  1042.706796169281, 1044.7767944335938, 1046.8487195968628, 1048.9112348556519, 1050.9866359233856,
  1053.0028150081635, 1055.038491010666, 1057.0732080936432, 1059.1172695159912, 1061.1447095870972,
  1063.1711740493774, 1065.1989393234253, 1067.221608877182, 1069.243569135666, 1071.2658231258392,
  1073.2918372154236, 1075.3277525901794, 1077.362601518631, 1079.3973841667175, 1081.431785583496,
  1083.4662957191467, 1085.5020508766174, 1087.537814617157, 1089.5729548931122, 1091.6063890457153,
  1093.6412420272827, 1095.6761674880981, 1097.7123153209686, 1099.7473545074463,
  1101.7812826633453, 1103.8162744045258, 1105.8514347076416, 1107.8867874145508,
  1109.921858549118, 1111.957118988037, 1113.9912061691284, 1116.026036977768, 1118.0615253448486,
  1120.097205877304, 1122.1276423931122, 1124.1531496047974, 1126.1752696037292, 1128.19735622406,
  1130.2215094566345, 1132.2436821460724, 1134.2680072784424, 1136.2981922626495,
  1138.3334958553314, 1140.3659279346466, 1142.4006519317627, 1144.4356849193573,
  1146.4704899787903, 1148.504361629486, 1150.5398707389832, 1152.5747239589691, 1154.6103706359863,
  1156.6450808048248, 1158.677104473114, 1160.7129917144775, 1162.748787164688, 1164.7834582328796,
  1166.819011926651, 1168.8588407039642, 1170.890819311142, 1172.9209671020508, 1174.9556500911713,
  1176.98601937294, 1179.0162599086761, 1181.0466039180756, 1183.0768015384674, 1185.1137030124664,
  1187.1521685123444, 1189.1793127059937, 1191.2043633460999, 1193.2291853427887,
  1195.2534713745117, 1197.277604341507, 1199.303326845169]
