# This file was created by stressberry v0.3.3 on 2021-06-18 09:07:00.433038
ambient: []
cpu frequency: [700.154304, 600.16992, 600.16992, 600.16992, 600.16992, 700.20704,
  600.117184, 600.117184, 600.16992, 600.117184, 700.154304, 600.16992, 600.117184,
  600.117184, 700.154304, 600.16992, 600.117184, 600.117184, 600.16992, 800.191424,
  600.117184, 600.117184, 600.117184, 1000.2656, 1000.2656, 1000.2656, 1000.2656,
  1000.212864, 1000.2656, 800.191424, 700.154304, 700.20704, 600.16992, 600.16992,
  600.16992, 800.191424, 600.117184, 600.16992, 600.16992, 600.16992, 800.191424,
  700.20704, 600.16992, 600.16992, 600.16992, 600.117184, 700.154304, 600.16992, 600.16992,
  600.117184, 700.20704, 600.117184, 600.117184, 600.117184, 1000.2656, 1000.2656,
  1000.2656, 1000.2656, 900.175808, 800.191424, 700.154304, 600.117184, 600.16992,
  600.117184, 600.117184, 600.117184, 600.117184, 600.16992, 600.16992, 600.16992,
  600.16992, 700.154304, 600.117184, 600.117184, 1500.345728, 1500.398464, 1500.345728,
  1500.345728, 1500.398464, 1500.345728, 1500.345728, 1500.345728, 1500.398464, 1500.345728,
  1500.345728, 1500.398464, 1500.345728, 1500.398464, 1500.398464, 1500.398464, 1500.345728,
  1500.345728, 1500.345728, 1500.345728, 1500.398464, 1500.345728, 1500.345728, 1500.345728,
  1500.398464, 1500.345728, 1500.398464, 1500.398464, 1500.345728, 1500.398464, 1500.345728,
  1500.398464, 1500.345728, 1500.345728, 1500.345728, 1500.345728, 1500.398464, 1500.345728,
  1500.345728, 1500.398464, 1500.345728, 1500.345728, 1500.398464, 1500.398464, 1500.345728,
  1500.398464, 1500.398464, 1500.345728, 1500.345728, 1500.345728, 1500.398464, 1500.345728,
  1500.398464, 1500.398464, 1500.345728, 1500.345728, 1500.345728, 1500.345728, 1500.345728,
  1500.398464, 1500.398464, 1500.345728, 1500.345728, 1500.345728, 1500.398464, 1500.398464,
  1500.398464, 1500.398464, 1500.345728, 1500.345728, 1500.345728, 1500.345728, 1500.398464,
  1500.345728, 1500.398464, 1500.398464, 1500.398464, 1500.345728, 1500.345728, 1500.345728,
  1500.345728, 1500.398464, 1500.345728, 1500.345728, 1500.345728, 1500.398464, 1500.398464,
  1500.398464, 1500.345728, 1500.345728, 1500.345728, 1500.345728, 1500.398464, 1500.398464,
  1500.345728, 1500.345728, 1500.398464, 1500.345728, 1500.398464, 1500.398464, 1500.398464,
  1500.398464, 1500.398464, 1500.398464, 1500.345728, 1500.345728, 1500.398464, 1500.345728,
  1500.345728, 1500.398464, 1500.345728, 1500.398464, 1500.398464, 1500.345728, 1500.398464,
  1500.345728, 1500.345728, 1500.345728, 1500.398464, 1500.398464, 1500.345728, 1500.345728,
  1500.398464, 1500.345728, 1500.398464, 1500.398464, 1500.398464, 1500.345728, 1500.398464,
  1500.345728, 1500.345728, 1500.398464, 1500.398464, 1500.345728, 1500.398464, 1500.345728,
  1500.345728, 1500.398464, 1500.345728, 1500.345728, 1500.345728, 1500.398464, 1500.345728,
  1500.345728, 1500.345728, 1500.345728, 1500.398464, 1500.345728, 1500.345728, 1500.345728,
  1500.398464, 1500.398464, 1500.398464, 1500.398464, 1500.398464, 1500.398464, 1500.345728,
  1500.398464, 1500.345728, 1500.345728, 1500.345728, 1500.345728, 1500.345728, 1500.398464,
  1500.345728, 1500.345728, 1500.345728, 1500.345728, 1500.398464, 1500.345728, 1500.345728,
  1500.345728, 1500.345728, 1500.398464, 1500.345728, 1500.345728, 1500.345728, 1500.398464,
  1500.398464, 1500.345728, 1500.345728, 1500.398464, 1500.345728, 1500.345728, 1500.345728,
  1500.345728, 1500.398464, 1500.398464, 1500.345728, 1500.345728, 1500.345728, 1500.345728,
  1500.398464, 1500.345728, 1500.345728, 1500.345728, 1500.345728, 1500.345728, 1500.345728,
  1500.345728, 1500.345728, 1500.345728, 1500.398464, 1500.345728, 1500.398464, 1500.398464,
  1500.345728, 1500.345728, 1500.398464, 1500.345728, 1500.345728, 1500.345728, 1500.398464,
  1500.398464, 1500.345728, 1500.345728, 1500.398464, 1500.398464, 1500.345728, 1500.398464,
  1500.398464, 1500.345728, 1500.398464, 1500.345728, 1500.398464, 1500.345728, 1500.398464,
  1500.398464, 1500.345728, 1500.345728, 1500.345728, 1500.345728, 1500.345728, 1500.398464,
  1500.398464, 1500.398464, 1500.398464, 1500.345728, 1500.345728, 1500.398464, 1500.345728,
  1500.345728, 1500.345728, 1500.345728, 1500.345728, 1500.345728, 1500.345728, 1500.398464,
  1500.398464, 1500.345728, 1500.345728, 1500.345728, 1500.345728, 1500.345728, 1500.345728,
  1500.398464, 1500.345728, 1500.345728, 1500.345728, 1500.398464, 1500.345728, 1500.398464,
  1500.345728, 1500.398464, 1500.345728, 1500.345728, 1500.345728, 1500.345728, 1500.398464,
  1500.398464, 1500.345728, 1500.345728, 1500.345728, 1500.398464, 1500.345728, 1500.398464,
  1500.345728, 1500.345728, 1500.345728, 1500.345728, 1500.345728, 1500.345728, 1500.345728,
  1500.345728, 1500.345728, 1500.345728, 1500.345728, 1500.398464, 1500.398464, 1500.345728,
  1500.398464, 1500.398464, 1500.345728, 1500.398464, 1500.345728, 1500.345728, 1500.345728,
  1500.345728, 1500.345728, 1500.398464, 1500.345728, 1500.345728, 1500.398464, 1500.345728,
  1500.345728, 1500.398464, 1500.398464, 1500.345728, 1500.398464, 1500.398464, 1500.345728,
  1500.398464, 1500.345728, 1500.345728, 1500.345728, 1500.345728, 1500.398464, 1500.345728,
  1500.398464, 1500.345728, 1500.345728, 1500.398464, 1500.345728, 1500.345728, 1500.398464,
  1500.345728, 1500.345728, 1500.345728, 1500.345728, 1500.345728, 1500.345728, 1500.398464,
  1500.345728, 1500.345728, 1500.345728, 1500.398464, 1500.345728, 1500.398464, 1500.398464,
  1500.398464, 1500.398464, 1500.345728, 1500.345728, 1500.398464, 1500.398464, 1500.345728,
  1500.398464, 1500.345728, 1500.345728, 1500.345728, 1500.345728, 1500.345728, 1500.345728,
  1500.345728, 1500.345728, 1500.345728, 1500.398464, 1500.345728, 1500.398464, 1500.398464,
  1500.345728, 1500.345728, 1500.398464, 1500.398464, 1500.345728, 1500.345728, 1500.345728,
  1500.345728, 1500.345728, 1500.345728, 1500.398464, 1500.345728, 1500.345728, 1500.345728,
  1500.345728, 1500.398464, 1500.398464, 1500.345728, 1500.398464, 1500.398464, 1500.398464,
  1500.345728, 1500.398464, 1500.398464, 1500.398464, 1500.345728, 1500.345728, 1500.398464,
  1500.345728, 1500.398464, 1500.398464, 1500.345728, 1500.345728, 1500.345728, 1500.345728,
  1500.398464, 1500.345728, 1500.345728, 1500.398464, 1500.398464, 1500.398464, 1500.398464,
  1500.345728, 1500.345728, 1500.398464, 1500.345728, 1500.398464, 1500.398464, 1500.398464,
  1500.398464, 1500.345728, 1500.398464, 1500.398464, 1500.345728, 1500.345728, 1500.345728,
  1500.398464, 1500.345728, 1500.345728, 1500.398464, 1500.345728, 1500.398464, 1500.398464,
  1500.345728, 1500.398464, 1500.345728, 1500.398464, 1500.398464, 1500.398464, 1500.345728,
  1500.345728, 1500.345728, 1500.345728, 1500.345728, 1500.345728, 1500.398464, 700.20704,
  600.117184, 600.117184, 600.117184, 600.117184, 700.154304, 600.16992, 600.16992,
  600.16992, 800.191424, 600.16992, 600.16992, 600.117184, 600.16992, 700.154304,
  600.16992, 600.16992, 600.117184, 800.24416, 900.228544, 1000.212864, 1000.2656,
  900.228544, 1000.2656, 800.191424, 700.20704, 600.16992, 700.154304, 600.16992,
  600.117184, 600.117184, 700.20704, 600.16992, 600.117184, 600.117184, 600.16992,
  700.20704, 600.16992, 600.16992, 600.16992, 600.117184, 700.154304, 800.191424,
  600.117184, 600.16992, 700.20704, 600.117184, 600.16992, 600.117184, 900.228544,
  900.175808, 900.228544, 900.175808, 900.228544, 1000.212864, 800.191424, 700.154304,
  700.154304, 600.16992, 600.117184, 600.16992, 600.16992, 700.20704, 600.16992, 600.16992,
  600.16992, 700.154304, 600.117184, 600.117184, 600.117184, 600.16992, 700.20704,
  600.117184]
name: fan_5
temperature: [38.9, 38.9, 37.4, 38.9, 37.9, 38.4, 38.9, 38.4, 38.9, 38.4, 37.9, 38.4,
  38.9, 37.9, 38.4, 38.4, 38.4, 38.9, 37.9, 37.9, 38.9, 37.9, 38.4, 38.4, 38.9, 37.9,
  38.9, 39.4, 38.9, 38.4, 37.9, 38.9, 38.4, 37.9, 38.4, 37.9, 38.4, 38.4, 38.4, 37.9,
  38.4, 38.4, 38.4, 37.9, 38.4, 38.4, 38.9, 38.9, 37.9, 38.4, 37.4, 38.9, 38.4, 38.4,
  37.9, 37.9, 37.9, 38.4, 38.9, 38.9, 38.9, 38.4, 37.9, 38.9, 37.4, 38.4, 37.4, 38.9,
  38.4, 38.4, 38.9, 38.4, 38.9, 38.4, 38.9, 41.8, 43.8, 43.8, 44.3, 45.2, 46.2, 45.7,
  46.2, 47.7, 46.2, 47.2, 46.7, 46.7, 46.7, 48.2, 48.7, 47.7, 48.2, 47.7, 48.2, 49.1,
  48.7, 49.1, 50.1, 49.1, 49.1, 49.6, 49.1, 49.1, 50.1, 49.6, 49.6, 49.6, 49.6, 50.1,
  49.6, 50.6, 51.1, 49.6, 50.6, 49.1, 50.1, 50.1, 50.1, 50.6, 50.1, 49.6, 50.6, 50.6,
  49.6, 50.6, 50.6, 50.6, 50.1, 50.1, 51.6, 51.1, 51.1, 50.6, 51.6, 51.1, 51.1, 51.6,
  51.6, 51.6, 51.6, 50.6, 50.6, 51.1, 50.6, 52.1, 51.6, 52.1, 50.6, 51.1, 50.6, 51.6,
  50.6, 50.6, 51.1, 51.6, 51.6, 51.6, 51.1, 51.6, 51.1, 51.6, 51.6, 51.6, 51.6, 52.1,
  51.1, 51.6, 51.1, 51.6, 51.1, 51.1, 52.1, 50.6, 52.5, 52.1, 52.1, 52.1, 53.0, 52.5,
  51.6, 51.6, 51.6, 51.6, 52.5, 52.1, 51.6, 52.1, 50.6, 52.5, 51.6, 51.6, 52.1, 51.1,
  52.1, 50.6, 51.6, 52.5, 52.1, 51.1, 51.6, 52.1, 51.6, 53.0, 51.6, 52.1, 51.1, 51.6,
  52.1, 52.5, 51.1, 51.6, 51.6, 51.6, 52.1, 51.1, 51.6, 52.1, 52.1, 51.1, 51.6, 51.6,
  51.6, 52.1, 52.1, 51.6, 51.6, 51.6, 51.1, 52.1, 51.6, 52.5, 52.1, 50.6, 52.1, 52.1,
  51.6, 51.6, 51.1, 51.1, 51.6, 50.6, 52.1, 52.1, 52.1, 52.5, 52.5, 51.6, 52.5, 52.5,
  51.6, 52.5, 52.5, 51.6, 52.1, 52.5, 51.6, 52.1, 51.1, 51.6, 51.6, 51.6, 52.5, 53.0,
  52.1, 52.1, 51.6, 51.6, 52.1, 51.1, 51.6, 52.1, 51.1, 52.5, 51.6, 52.1, 51.6, 51.6,
  51.1, 52.5, 52.5, 51.1, 52.5, 52.5, 52.5, 52.5, 52.1, 52.1, 52.1, 52.5, 52.5, 51.6,
  52.1, 52.1, 52.1, 51.1, 53.0, 53.0, 51.6, 52.5, 51.6, 52.5, 52.1, 51.1, 51.6, 52.1,
  52.1, 51.6, 52.1, 52.1, 52.1, 52.1, 52.5, 52.1, 52.1, 51.6, 52.5, 52.5, 51.6, 51.6,
  52.1, 52.5, 52.1, 51.6, 52.5, 52.1, 52.1, 51.6, 51.1, 52.1, 51.6, 52.1, 51.6, 52.1,
  51.6, 51.6, 53.0, 51.6, 52.1, 51.6, 53.0, 52.1, 52.1, 52.1, 52.1, 52.5, 52.1, 52.1,
  52.5, 51.6, 52.5, 51.6, 51.6, 53.0, 52.1, 51.6, 52.1, 52.1, 52.5, 51.6, 52.5, 53.0,
  51.1, 52.1, 53.0, 51.6, 52.1, 52.1, 51.6, 52.5, 52.1, 52.5, 52.1, 52.5, 51.6, 51.1,
  52.1, 52.5, 52.5, 51.6, 53.0, 53.0, 52.1, 53.0, 51.6, 52.1, 51.1, 51.6, 52.5, 51.6,
  51.6, 52.1, 52.1, 52.1, 53.5, 51.1, 52.1, 51.6, 51.6, 52.5, 52.5, 52.1, 52.1, 53.0,
  51.6, 51.6, 51.6, 52.1, 51.6, 52.5, 52.5, 51.6, 51.6, 52.5, 51.1, 52.1, 53.0, 52.1,
  52.1, 52.1, 52.5, 52.5, 51.6, 52.1, 51.1, 52.5, 50.1, 52.5, 52.1, 52.1, 52.5, 52.1,
  52.1, 52.1, 51.6, 51.6, 51.1, 52.1, 51.6, 51.6, 51.6, 53.0, 52.1, 52.1, 52.1, 51.6,
  52.1, 52.5, 51.6, 51.6, 51.6, 52.1, 52.1, 51.6, 51.6, 52.1, 52.1, 52.1, 52.1, 52.1,
  51.6, 51.1, 53.0, 51.1, 53.0, 53.0, 53.0, 52.5, 51.6, 52.1, 51.6, 51.6, 53.0, 52.5,
  53.0, 52.5, 52.1, 51.6, 51.6, 52.5, 52.1, 52.1, 52.5, 51.6, 52.1, 53.0, 52.5, 53.0,
  52.5, 52.5, 52.5, 51.6, 52.1, 51.6, 52.1, 52.1, 51.6, 51.1, 51.6, 51.6, 52.1, 51.6,
  52.1, 51.6, 52.1, 52.1, 52.1, 51.6, 52.1, 49.6, 46.7, 45.7, 45.7, 44.8, 45.2, 44.3,
  44.3, 43.8, 44.3, 43.8, 42.8, 44.3, 43.3, 42.3, 42.8, 42.3, 41.8, 41.8, 42.3, 41.8,
  40.4, 41.8, 40.9, 41.8, 41.3, 41.3, 40.4, 41.3, 40.9, 40.9, 40.4, 40.4, 40.9, 39.9,
  39.9, 40.4, 41.3, 40.4, 39.9, 41.3, 39.9, 39.9, 39.9, 39.9, 39.9, 39.9, 39.9, 40.4,
  39.9, 39.9, 39.9, 40.9, 39.9, 39.9, 38.9, 39.4, 39.9, 38.9, 39.4, 39.9, 38.9, 39.4,
  39.9, 39.9, 39.9, 39.9, 38.9, 39.4, 39.4, 39.9, 38.4, 38.9, 38.9]
time: [0.0, 2.029735803604126, 4.063848495483398, 6.098149061203003, 8.132421731948853,
  10.167383432388306, 12.20191240310669, 14.23672604560852, 16.270825147628784, 18.305837869644165,
  20.340176820755005, 22.373799324035645, 24.408919095993042, 26.443325519561768,
  28.47804856300354, 30.511160373687744, 32.546154260635376, 34.580573320388794, 36.615055561065674,
  38.64975142478943, 40.68645977973938, 42.72104620933533, 44.75630712509155, 46.79202103614807,
  48.83048129081726, 50.856667041778564, 52.87890386581421, 54.90069222450256, 56.922457456588745,
  58.94425082206726, 60.97075390815735, 63.002949476242065, 65.03291153907776, 67.06695413589478,
  69.10716366767883, 71.14172863960266, 73.17664361000061, 75.2122950553894, 77.24724650382996,
  79.28166222572327, 81.31602358818054, 83.35002517700195, 85.38533234596252, 87.41979932785034,
  89.45448088645935, 91.4889166355133, 93.52325582504272, 95.55672287940979, 97.59178495407104,
  99.62611436843872, 101.66066193580627, 103.69722104072571, 105.7321035861969, 107.76686239242554,
  109.80194306373596, 111.8424460887909, 113.86770367622375, 115.88952565193176, 117.91176533699036,
  119.93575310707092, 121.96226215362549, 123.9922399520874, 126.02649092674255, 128.06170105934143,
  130.09607815742493, 132.13139247894287, 134.1659951210022, 136.2005898952484, 138.23600220680237,
  140.2704689502716, 142.30487489700317, 144.33913946151733, 146.3724021911621, 148.40680384635925,
  150.44115686416626, 152.5143027305603, 154.59401679039001, 156.66435027122498, 158.7243194580078,
  160.79673171043396, 162.87583422660828, 164.95427775382996, 167.02408504486084,
  169.0942747592926, 171.16406154632568, 173.22584414482117, 175.30424427986145, 177.3740611076355,
  179.4353346824646, 181.50425267219543, 183.57445120811462, 185.65458345413208, 187.72472143173218,
  189.80331778526306, 191.87486863136292, 193.94480276107788, 196.0144362449646, 198.0756974220276,
  200.1457223892212, 202.21584367752075, 204.2859480381012, 206.35567331314087, 208.42573976516724,
  210.5044128894806, 212.5746133327484, 214.6444160938263, 216.71449208259583, 218.78476238250732,
  220.88486766815186, 222.94570088386536, 225.00025749206543, 227.07404255867004,
  229.1440086364746, 231.2145597934723, 233.28405594825745, 235.35425186157227, 237.42404770851135,
  239.48554182052612, 241.56402134895325, 243.6342396736145, 245.70435047149658, 247.7658817768097,
  249.8645920753479, 251.92532753944397, 253.99405145645142, 256.06422328948975, 258.13407254219055,
  260.19558024406433, 262.27425503730774, 264.34409952163696, 266.41406893730164,
  268.47582387924194, 270.54463386535645, 272.61409640312195, 274.6840877532959, 276.75426721572876,
  278.86412239074707, 280.9345963001251, 283.0042676925659, 285.07431507110596, 287.1443166732788,
  289.2147228717804, 291.284560918808, 293.3540267944336, 295.42436027526855, 297.49478363990784,
  299.5644860267639, 301.6243095397949, 303.69405484199524, 305.7740316390991, 307.85414123535156,
  309.9241466522217, 311.988644361496, 314.06446504592896, 316.13839530944824, 318.2053108215332,
  320.2783713340759, 322.3544614315033, 324.42843675613403, 326.489137172699, 328.56444549560547,
  330.6344723701477, 332.69581294059753, 334.7786545753479, 336.85858249664307, 338.9286651611328,
  341.0044903755188, 343.0744860172272, 345.14840269088745, 347.2186532020569, 349.29764699935913,
  351.36583733558655, 353.44839906692505, 355.47752022743225, 357.54575538635254,
  359.628395318985, 361.70475721359253, 363.7744836807251, 365.835905790329, 367.9147973060608,
  369.97866582870483, 372.0303089618683, 374.1045141220093, 376.1744713783264, 378.2483959197998,
  380.3345801830292, 382.408411026001, 384.4844539165497, 386.5457673072815, 388.6244716644287,
  390.69468545913696, 392.76838970184326, 394.84474301338196, 396.91477131843567,
  398.9847433567047, 401.0547273159027, 403.12453961372375, 405.1947703361511, 407.2644658088684,
  409.3247392177582, 411.39451146125793, 413.4651679992676, 415.5383632183075, 417.6144700050354,
  419.6944613456726, 421.7596936225891, 423.85853266716003, 425.9345238208771, 427.9957513809204,
  430.0782964229584, 432.1545042991638, 434.2383623123169, 436.3183674812317, 438.3944489955902,
  440.4491424560547, 442.5091540813446, 444.5786428451538, 446.65834951400757, 448.7344641685486,
  450.7949333190918, 452.8650858402252, 454.93405628204346, 457.0040283203125, 459.0747900009155,
  461.134553194046, 463.20424222946167, 465.265296459198, 467.33402466773987, 469.40453243255615,
  471.4740700721741, 473.544326543808, 475.6140434741974, 477.68425965309143, 479.74526619911194,
  481.81264185905457, 483.8843731880188, 485.9542717933655, 488.0243413448334, 490.09474658966064,
  492.15455651283264, 494.2153494358063, 496.2841033935547, 498.3542411327362, 500.42404413223267,
  502.49475598335266, 504.56402468681335, 506.6343619823456, 508.7040591239929, 510.77433156967163,
  512.8542859554291, 514.9247393608093, 516.9940850734711, 519.0643012523651, 521.1253073215485,
  523.1942608356476, 525.264077425003, 527.3342280387878, 529.4040350914001, 531.4740130901337,
  533.5343811511993, 535.60427069664, 537.6745791435242, 539.7540836334229, 541.8343241214752,
  543.91095495224, 545.9757587909698, 548.0547268390656, 550.124749660492, 552.1944851875305,
  554.2644591331482, 556.334550857544, 558.3996226787567, 560.474766254425, 562.5357685089111,
  564.6144754886627, 566.6844680309296, 568.7447562217712, 570.8264260292053, 572.843789100647,
  574.9147779941559, 576.9847898483276, 579.0548241138458, 581.1248018741608, 583.1943321228027,
  585.2643046379089, 587.3345079421997, 589.4047691822052, 591.474767446518, 593.535863161087,
  595.6145029067993, 597.6757791042328, 599.7537627220154, 601.8248653411865, 603.8944370746613,
  605.9683723449707, 608.0444798469543, 610.114453792572, 612.1883611679077, 614.2557036876678,
  616.3344714641571, 618.3802807331085, 620.4544565677643, 622.5157287120819, 624.5947790145874,
  626.6557066440582, 628.719179391861, 630.8159382343292, 632.8983716964722, 634.9847860336304,
  637.054773569107, 639.1249253749847, 641.1847560405731, 643.2584140300751, 645.3387265205383,
  647.4145548343658, 649.4692311286926, 651.544792175293, 653.6183166503906, 655.6948001384735,
  657.7648077011108, 659.8458325862885, 661.9247841835022, 663.9948101043701, 666.0329821109772,
  668.1083698272705, 670.1848194599152, 672.2544782161713, 674.3092021942139, 676.3847286701202,
  678.4544544219971, 680.5249021053314, 682.5944459438324, 684.6644716262817, 686.7347152233124,
  688.8144989013672, 690.8886849880219, 692.9557483196259, 695.0344636440277, 697.1044814586639,
  699.1744909286499, 701.2483580112457, 703.3147854804993, 705.3844957351685, 707.454535484314,
  709.5158131122589, 711.5986981391907, 713.6657481193542, 715.7445201873779, 717.8065915107727,
  719.8845374584198, 721.9548239707947, 724.0283975601196, 726.104570388794, 728.1658270359039,
  730.2291531562805, 732.3086986541748, 734.384813785553, 736.4457926750183, 738.524774312973,
  740.5944488048553, 742.6747450828552, 744.7486889362335, 746.8348894119263, 748.9083619117737,
  750.9844808578491, 753.0547716617584, 755.1158483028412, 757.1885766983032, 759.2557592391968,
  761.3346109390259, 763.3802945613861, 765.4547472000122, 767.5196661949158, 769.5886738300323,
  771.6744725704193, 773.7445044517517, 775.8132169246674, 777.8886833190918, 779.9683804512024,
  782.0486881732941, 784.1244802474976, 786.1944670677185, 788.2531487941742, 790.3196880817413,
  792.3984198570251, 794.4744572639465, 796.535758972168, 798.614063501358, 800.6698133945465,
  802.7442626953125, 804.8191134929657, 806.8945014476776, 808.9644486904144, 811.0297358036041,
  813.104745388031, 815.1783773899078, 817.2545921802521, 819.338371515274, 821.4147288799286,
  823.4796001911163, 825.5547139644623, 827.6244692802429, 829.6896221637726, 831.7647309303284,
  833.8483700752258, 835.9247462749481, 837.9986355304718, 840.0752038955688, 842.1486415863037,
  844.2244656085968, 846.2945067882538, 848.3644330501556, 850.4344661235809, 852.508348941803,
  854.5845034122467, 856.622829914093, 858.6983368396759, 860.7747950553894, 862.8548288345337,
  864.9003474712372, 866.9648118019104, 869.0257563591003, 871.1048083305359, 873.198406457901,
  875.2744753360748, 877.3448436260223, 879.414479970932, 881.4796614646912, 883.5457861423492,
  885.6244542598724, 887.6947617530823, 889.7686579227448, 891.8586373329163, 893.925769329071,
  896.0044894218445, 898.0744521617889, 900.1202547550201, 902.1983940601349, 904.2274358272552,
  906.2957799434662, 908.3744809627533, 910.4487476348877, 912.5244450569153, 914.5983736515045,
  916.6744658946991, 918.7444670200348, 920.8068776130676, 922.8843650817871, 924.9457404613495,
  927.0240182876587, 929.0942506790161, 931.1640300750732, 933.23406457901, 935.2956397533417,
  937.3841993808746, 939.445499420166, 941.5153253078461, 943.5846126079559, 945.6443212032318,
  947.7052943706512, 949.7657601833344, 951.8344068527222, 953.9043090343475, 955.9740500450134,
  958.0352535247803, 960.1042819023132, 962.174055814743, 964.2440638542175, 966.2991862297058,
  968.3741044998169, 970.436865568161, 972.514710187912, 974.5747992992401, 976.635678768158,
  978.7057681083679, 980.802407503128, 982.884156703949, 984.9457097053528, 987.0143582820892,
  989.0844643115997, 991.1453137397766, 993.2144763469696, 995.2847876548767, 997.3540647029877,
  999.4240846633911, 1001.4942197799683, 1003.5640530586243, 1005.6246078014374, 1007.6843388080597,
  1009.754237651825, 1011.8443613052368, 1013.9142684936523, 1015.9840185642242, 1018.0547590255737,
  1020.1239881515503, 1022.19473695755, 1024.2558841705322, 1026.3243572711945, 1028.394288301468,
  1030.4552872180939, 1032.5245461463928, 1034.5855195522308, 1036.664014339447, 1038.7252485752106,
  1040.8009181022644, 1042.8843078613281, 1044.945279598236, 1047.0053062438965, 1049.0747528076172,
  1051.144290447235, 1053.1598989963531, 1055.197470664978, 1057.2326004505157, 1059.2672173976898,
  1061.301882982254, 1063.3362379074097, 1065.3702085018158, 1067.4048295021057, 1069.4393672943115,
  1071.4737503528595, 1073.5104537010193, 1075.5450575351715, 1077.5796258449554,
  1079.6155414581299, 1081.6500561237335, 1083.6833441257477, 1085.7180609703064,
  1087.752678155899, 1089.7903904914856, 1091.8255484104156, 1093.8517367839813, 1095.8740367889404,
  1097.8958473205566, 1099.920021057129, 1101.9419226646423, 1103.9685745239258, 1105.9985218048096,
  1108.032880306244, 1110.0657937526703, 1112.100923538208, 1114.1363751888275, 1116.1713490486145,
  1118.204229593277, 1120.2394812107086, 1122.2738857269287, 1124.3084197044373, 1126.3426110744476,
  1128.3766105175018, 1130.410789489746, 1132.4453916549683, 1134.4800593852997, 1136.5144815444946,
  1138.547101020813, 1140.573812007904, 1142.6082615852356, 1144.6424140930176, 1146.6764876842499,
  1148.7126414775848, 1150.7472047805786, 1152.7820875644684, 1154.821193933487, 1156.8477840423584,
  1158.8724195957184, 1160.8968932628632, 1162.9214811325073, 1164.9434707164764,
  1166.9699306488037, 1169.0002925395966, 1171.0310683250427, 1173.0671937465668,
  1175.1014878749847, 1177.1359009742737, 1179.1711900234222, 1181.2055044174194,
  1183.2407660484314, 1185.2761633396149, 1187.3105783462524, 1189.3439991474152,
  1191.3781852722168, 1193.413322687149, 1195.4475169181824, 1197.481838941574, 1199.516019821167]
