# This file was created by stressberry v0.3.3 on 2021-06-18 08:20:37.372241
ambient: []
cpu frequency: [1000.2656, 1000.212864, 700.154304, 600.16992, 600.16992, 600.117184,
  600.117184, 700.154304, 700.20704, 600.16992, 600.16992, 600.16992, 600.16992, 700.154304,
  600.117184, 600.117184, 600.117184, 700.20704, 600.117184, 700.154304, 700.154304,
  700.154304, 700.20704, 700.154304, 700.20704, 700.154304, 600.16992, 800.191424,
  900.228544, 900.175808, 900.228544, 800.191424, 800.191424, 600.117184, 600.16992,
  600.16992, 700.20704, 600.117184, 600.117184, 600.16992, 600.117184, 700.154304,
  700.20704, 600.16992, 600.16992, 600.117184, 700.154304, 600.117184, 600.16992,
  600.117184, 600.16992, 700.154304, 700.154304, 700.20704, 600.16992, 600.16992,
  700.20704, 800.191424, 900.228544, 1000.2656, 1000.2656, 1000.2656, 900.228544,
  800.191424, 700.154304, 700.20704, 600.16992, 600.117184, 600.117184, 700.20704,
  600.117184, 600.16992, 600.16992, 600.16992, 1500.398464, 1500.345728, 1500.345728,
  1500.345728, 1500.398464, 1500.345728, 1500.345728, 1500.345728, 1500.345728, 1500.345728,
  1500.345728, 1500.345728, 1500.345728, 1500.345728, 1500.345728, 1500.345728, 1500.398464,
  1500.345728, 1500.345728, 1500.398464, 1500.345728, 1500.345728, 1500.398464, 1500.345728,
  1500.398464, 1500.345728, 1500.398464, 1500.398464, 1500.398464, 1500.345728, 1500.345728,
  1500.345728, 1500.345728, 1500.345728, 1500.398464, 1500.345728, 1500.345728, 1500.345728,
  1500.345728, 1500.345728, 1500.398464, 1500.345728, 1500.398464, 1500.345728, 1500.345728,
  1500.345728, 1500.345728, 1500.345728, 1500.398464, 1500.345728, 1500.398464, 1500.345728,
  1500.398464, 1500.345728, 1500.398464, 1500.345728, 1500.345728, 1500.398464, 1500.398464,
  1500.345728, 1500.345728, 1500.398464, 1500.398464, 1500.398464, 1500.345728, 1500.345728,
  1500.345728, 1500.345728, 1500.398464, 1500.398464, 1500.345728, 1500.398464, 1500.398464,
  1500.398464, 1500.398464, 1500.345728, 1500.398464, 1500.345728, 1500.345728, 1500.345728,
  1500.345728, 1500.345728, 1500.398464, 1500.345728, 1500.345728, 1500.398464, 1500.345728,
  1500.398464, 1500.398464, 1500.398464, 1500.345728, 1500.398464, 1500.345728, 1500.398464,
  1500.345728, 1500.345728, 1500.345728, 1500.345728, 1500.345728, 1500.345728, 1500.398464,
  1500.345728, 1500.345728, 1500.345728, 1500.398464, 1500.345728, 1500.345728, 1500.398464,
  1500.398464, 1500.398464, 1500.345728, 1500.398464, 1500.398464, 1500.398464, 1500.345728,
  1500.398464, 1500.345728, 1500.398464, 1500.345728, 1500.398464, 1500.398464, 1500.398464,
  1500.398464, 1500.398464, 1500.345728, 1500.345728, 1500.398464, 1500.345728, 1500.398464,
  1500.345728, 1500.345728, 1500.398464, 1500.398464, 1500.345728, 1500.345728, 1500.345728,
  1500.345728, 1500.345728, 1500.345728, 1500.345728, 1500.345728, 1500.398464, 1500.398464,
  1500.345728, 1500.398464, 1500.345728, 1500.345728, 1500.345728, 1500.345728, 1500.345728,
  1500.398464, 1500.345728, 1500.398464, 1500.398464, 1500.398464, 1500.398464, 1500.345728,
  1500.345728, 1500.398464, 1500.345728, 1500.345728, 1500.345728, 1500.398464, 1000.2656,
  1500.345728, 1500.345728, 1500.345728, 1500.398464, 1500.345728, 1500.345728, 1500.398464,
  1500.345728, 1500.345728, 1500.398464, 1500.345728, 1500.398464, 1500.398464, 1500.345728,
  1500.345728, 1500.398464, 1500.398464, 1500.398464, 1500.345728, 1500.345728, 1500.398464,
  1500.345728, 1500.398464, 1000.212864, 1500.398464, 1000.212864, 1500.345728, 1500.398464,
  1000.212864, 1500.345728, 1500.345728, 1000.2656, 1000.2656, 1500.345728, 1000.2656,
  1500.398464, 1000.2656, 1500.398464, 1500.345728, 1000.212864, 1500.345728, 1500.398464,
  1000.2656, 1500.398464, 1000.2656, 1500.345728, 1000.212864, 1000.2656, 1500.398464,
  1000.2656, 1500.345728, 1000.2656, 1500.345728, 1000.2656, 1500.398464, 1500.398464,
  1500.345728, 1000.2656, 1500.398464, 1000.2656, 1500.345728, 1000.2656, 1000.2656,
  1500.345728, 1500.398464, 1000.2656, 1000.2656, 1500.345728, 1500.398464, 1000.2656,
  1000.2656, 1000.212864, 1500.398464, 1000.2656, 1000.212864, 1500.398464, 1000.2656,
  1500.345728, 1500.345728, 1000.2656, 1000.2656, 1000.2656, 1000.2656, 1000.212864,
  1000.212864, 1000.2656, 1500.398464, 1500.345728, 1000.2656, 1000.212864, 1500.398464,
  1500.398464, 1000.2656, 1500.345728, 1500.398464, 1000.2656, 1500.345728, 1000.212864,
  1000.2656, 1000.212864, 1000.2656, 1500.345728, 1000.2656, 1500.398464, 1000.212864,
  1500.398464, 1500.345728, 1000.2656, 1500.345728, 1000.2656, 1000.212864, 1500.398464,
  1000.2656, 1500.345728, 1500.345728, 1500.345728, 1500.345728, 1000.212864, 1000.2656,
  1500.345728, 1000.2656, 1000.2656, 1000.2656, 1500.345728, 1500.345728, 1500.398464,
  1000.212864, 1000.2656, 1500.398464, 1000.2656, 1000.2656, 1500.345728, 1000.2656,
  1000.2656, 1000.2656, 1000.2656, 1000.2656, 1500.345728, 1500.345728, 1500.345728,
  1000.2656, 1500.345728, 1500.345728, 1500.398464, 1500.345728, 1000.212864, 1000.2656,
  1000.212864, 1500.398464, 1500.345728, 1000.212864, 1000.212864, 1500.345728, 1500.345728,
  1500.345728, 1500.345728, 1500.345728, 1000.2656, 1000.212864, 1000.2656, 1500.345728,
  1500.398464, 1500.345728, 1500.398464, 1500.345728, 1500.398464, 1500.345728, 1500.345728,
  1500.398464, 1500.345728, 1500.345728, 1000.2656, 1500.345728, 1500.345728, 1500.345728,
  1500.345728, 1500.345728, 1500.398464, 1000.212864, 1500.398464, 1000.2656, 1500.398464,
  1000.2656, 1500.398464, 1500.398464, 1000.212864, 1500.345728, 1000.2656, 1500.345728,
  1500.398464, 1000.2656, 1000.2656, 1500.398464, 1500.345728, 1500.345728, 1500.345728,
  1000.2656, 1500.398464, 1500.398464, 1000.2656, 1000.2656, 1500.345728, 1000.212864,
  1500.345728, 1500.398464, 1500.398464, 1500.398464, 1500.345728, 1500.398464, 1000.2656,
  1000.2656, 1000.2656, 1500.345728, 1000.2656, 1500.345728, 1000.212864, 1500.398464,
  1500.398464, 1500.345728, 1500.398464, 1000.2656, 1000.2656, 1500.345728, 1500.345728,
  1500.345728, 1500.345728, 1500.345728, 1500.398464, 1500.398464, 1000.212864, 1000.212864,
  1500.345728, 1500.345728, 1000.212864, 1000.2656, 1500.398464, 1500.345728, 1500.345728,
  1500.398464, 1000.2656, 1500.345728, 1500.345728, 1500.345728, 1000.212864, 1000.2656,
  1500.398464, 1000.212864, 1000.2656, 1500.345728, 1500.398464, 1500.398464, 1000.2656,
  1500.345728, 1500.345728, 1000.2656, 1500.345728, 1500.398464, 1500.345728, 1000.212864,
  1500.398464, 1500.398464, 1500.398464, 1500.345728, 1500.345728, 1000.212864, 1500.398464,
  1500.345728, 1000.2656, 1000.2656, 1500.345728, 1500.345728, 600.16992, 600.117184,
  600.16992, 800.191424, 1000.212864, 1000.212864, 1000.2656, 900.175808, 1000.2656,
  1000.2656, 700.154304, 600.117184, 600.16992, 600.16992, 600.16992, 700.154304,
  600.16992, 600.16992, 600.16992, 700.154304, 600.117184, 600.16992, 800.191424,
  600.117184, 700.20704, 600.117184, 600.117184, 600.117184, 600.16992, 700.154304,
  600.117184, 600.117184, 600.117184, 600.16992, 800.24416, 900.228544, 900.175808,
  1000.2656, 1000.212864, 1000.2656, 1000.2656, 800.191424, 700.154304, 600.117184,
  600.16992, 600.117184, 800.191424, 600.117184, 600.117184, 600.117184, 600.16992,
  600.16992, 600.117184, 600.16992, 600.16992, 700.154304, 600.16992, 600.16992, 600.16992,
  700.154304, 700.20704, 600.16992, 600.117184, 600.117184, 800.191424, 800.191424,
  900.228544, 1000.212864, 900.228544, 900.175808, 900.228544, 900.228544, 700.20704,
  600.16992]
name: case_only
temperature: [53.0, 52.1, 53.0, 53.0, 54.0, 53.5, 53.5, 53.0, 54.0, 53.5, 53.0, 53.0,
  54.5, 53.5, 53.5, 54.0, 54.0, 53.5, 54.0, 53.5, 54.0, 53.0, 53.0, 54.0, 54.0, 54.0,
  53.0, 54.0, 54.0, 54.0, 54.5, 54.0, 53.5, 53.5, 54.5, 54.0, 55.0, 53.5, 54.0, 53.5,
  54.5, 54.0, 54.5, 55.0, 54.5, 55.0, 54.5, 54.0, 55.0, 54.5, 55.5, 53.5, 55.0, 54.0,
  54.0, 54.5, 55.5, 55.0, 55.0, 54.5, 54.5, 55.0, 54.5, 55.0, 54.5, 54.0, 55.5, 55.0,
  55.0, 54.0, 55.5, 55.5, 55.0, 54.5, 56.9, 58.4, 60.3, 61.8, 61.3, 62.3, 61.8, 63.7,
  63.7, 64.2, 64.2, 64.2, 64.2, 65.2, 66.2, 65.2, 66.2, 65.7, 66.7, 66.7, 67.2, 67.2,
  67.6, 67.2, 68.1, 67.2, 67.6, 68.6, 68.1, 68.1, 69.1, 69.6, 69.6, 69.6, 70.6, 69.6,
  69.6, 69.6, 69.6, 70.1, 70.1, 71.1, 70.6, 70.6, 70.1, 72.0, 72.0, 71.1, 72.0, 72.5,
  72.0, 71.1, 72.0, 71.5, 72.5, 73.0, 73.0, 73.5, 73.0, 73.0, 73.0, 73.0, 74.0, 74.0,
  72.5, 73.5, 73.5, 74.5, 74.5, 74.0, 75.0, 74.0, 74.5, 75.4, 74.5, 75.0, 75.9, 75.4,
  75.9, 75.4, 75.4, 75.4, 75.4, 75.9, 76.9, 75.9, 75.9, 75.9, 75.9, 77.4, 76.4, 76.4,
  75.9, 76.4, 76.4, 76.4, 77.4, 76.9, 77.4, 77.4, 76.9, 77.4, 77.9, 78.4, 78.4, 77.9,
  78.4, 77.4, 77.4, 77.9, 78.4, 77.9, 78.4, 78.4, 78.4, 78.4, 78.4, 78.4, 78.4, 78.8,
  78.8, 78.8, 78.4, 79.8, 79.3, 78.8, 78.8, 79.3, 78.8, 79.3, 79.8, 80.3, 78.8, 78.4,
  79.3, 80.3, 80.3, 80.3, 79.8, 79.8, 79.3, 80.3, 80.3, 80.3, 79.3, 79.8, 80.3, 79.3,
  79.3, 81.3, 80.8, 80.3, 80.8, 80.3, 80.8, 81.3, 80.3, 81.8, 80.3, 80.8, 80.3, 80.8,
  81.3, 82.3, 81.8, 81.3, 81.8, 80.8, 81.3, 80.8, 80.8, 81.3, 81.3, 81.8, 82.7, 81.3,
  79.8, 81.8, 81.8, 80.8, 81.8, 81.8, 81.8, 81.8, 81.3, 81.8, 81.8, 81.8, 81.3, 81.3,
  81.3, 81.8, 81.3, 81.3, 81.8, 82.3, 82.3, 81.8, 82.3, 82.3, 81.3, 81.8, 82.3, 82.3,
  81.3, 82.7, 82.3, 82.3, 82.7, 82.3, 82.7, 82.3, 81.8, 82.7, 82.3, 82.3, 82.3, 82.3,
  81.8, 82.7, 82.7, 82.3, 81.8, 82.7, 82.3, 81.8, 82.7, 82.3, 81.8, 81.8, 81.8, 81.3,
  81.8, 82.3, 82.3, 81.3, 81.8, 83.2, 82.7, 81.3, 82.3, 82.7, 81.8, 82.3, 82.3, 82.3,
  81.3, 82.7, 81.8, 82.3, 82.3, 82.3, 82.3, 82.3, 82.3, 81.3, 82.7, 82.3, 82.7, 81.8,
  82.3, 82.3, 82.3, 82.3, 81.8, 81.8, 81.8, 81.3, 82.7, 81.8, 82.3, 82.3, 82.3, 81.8,
  81.8, 81.3, 81.8, 81.8, 81.8, 81.8, 82.3, 82.3, 81.8, 81.8, 82.3, 82.7, 82.3, 82.3,
  82.3, 81.3, 81.8, 82.7, 81.8, 81.8, 83.2, 82.3, 81.3, 82.7, 81.8, 82.3, 82.3, 81.8,
  81.8, 82.3, 82.3, 81.8, 81.3, 82.3, 81.8, 81.8, 81.8, 82.3, 81.8, 81.8, 81.8, 82.7,
  81.3, 81.3, 81.8, 82.3, 82.7, 82.7, 81.8, 82.3, 81.3, 81.3, 81.3, 80.8, 81.8, 81.8,
  81.8, 81.8, 81.8, 80.8, 81.8, 82.3, 81.3, 80.8, 82.7, 81.8, 81.8, 81.8, 82.3, 82.3,
  81.3, 80.8, 82.7, 81.8, 81.8, 81.3, 82.3, 81.8, 81.3, 81.8, 82.3, 82.3, 81.8, 83.2,
  81.8, 81.8, 81.8, 82.3, 81.8, 81.8, 81.8, 82.3, 81.3, 80.8, 82.3, 80.8, 82.3, 80.8,
  82.3, 81.8, 82.3, 80.8, 82.3, 82.3, 81.8, 82.3, 82.7, 81.3, 81.8, 81.8, 81.3, 82.3,
  81.8, 82.3, 81.8, 81.8, 80.3, 81.3, 81.3, 81.8, 82.3, 81.8, 81.8, 82.3, 82.3, 82.3,
  80.3, 82.7, 81.8, 81.8, 81.8, 81.8, 81.8, 81.3, 82.3, 81.8, 82.3, 82.3, 81.8, 81.8,
  82.7, 81.8, 82.7, 81.3, 82.3, 81.8, 81.3, 80.3, 82.3, 82.3, 81.8, 80.8, 81.3, 81.3,
  82.3, 81.8, 80.8, 81.8, 82.7, 82.7, 81.8, 78.8, 77.4, 76.9, 75.0, 75.9, 75.4, 74.5,
  75.0, 73.5, 74.5, 74.0, 74.0, 73.5, 73.5, 72.5, 72.5, 72.0, 72.0, 72.5, 72.5, 70.6,
  71.1, 72.0, 71.1, 70.6, 70.6, 68.1, 67.6, 67.6, 67.6, 68.1, 67.6, 66.7, 67.6, 67.6,
  66.2, 67.2, 66.2, 67.2, 67.2, 66.7, 66.2, 66.7, 65.7, 66.7, 66.2, 65.7, 65.7, 65.2,
  65.2, 63.3, 63.3, 62.3, 61.3, 62.3, 60.3, 60.8, 59.4, 59.4, 58.9, 59.9, 58.4, 56.9,
  56.9, 56.0, 56.0, 54.5, 55.5, 54.0, 55.0, 53.5, 53.0, 52.5, 53.0]
time: [0.0, 2.0228636264801025, 4.044629096984863, 6.071862697601318, 8.105503559112549,
  10.139852523803711, 12.17455267906189, 14.209235668182373, 16.243741035461426, 18.27797532081604,
  20.31361222267151, 22.349316120147705, 24.38401222229004, 26.420316457748413, 28.45341944694519,
  30.48803973197937, 32.52258539199829, 34.55836892127991, 36.59500789642334, 38.63451433181763,
  40.66490697860718, 42.69593572616577, 44.72573637962341, 46.75565838813782, 48.78571677207947,
  50.816049337387085, 52.85580253601074, 54.89208745956421, 56.92116928100586, 58.94571805000305,
  60.96952724456787, 62.99346303939819, 65.02073097229004, 67.04614567756653, 69.08055090904236,
  71.11572813987732, 73.15075492858887, 75.18761348724365, 77.22088813781738, 79.2553825378418,
  81.2908239364624, 83.3260326385498, 85.36429834365845, 87.39804148674011, 89.43247175216675,
  91.46696925163269, 93.5023901462555, 95.5358715057373, 97.57007074356079, 99.60448575019836,
  101.63973021507263, 103.67447972297668, 105.70596098899841, 107.73559141159058,
  109.76562356948853, 111.8011622428894, 113.84149479866028, 115.8786346912384, 117.90514016151428,
  119.92932176589966, 121.95139813423157, 123.97536897659302, 125.99732828140259,
  128.0219910144806, 130.04931044578552, 132.08068585395813, 134.1159405708313, 136.15068340301514,
  138.18522191047668, 140.2225124835968, 142.26311016082764, 144.29738926887512, 146.33167839050293,
  148.36625933647156, 150.40062069892883, 152.46653771400452, 154.5356719493866, 156.5965883731842,
  158.65695714950562, 160.72676610946655, 162.7969217300415, 164.8758864402771, 166.94626021385193,
  169.01727271080017, 171.08696031570435, 173.1558976173401, 175.21656465530396, 177.2852919101715,
  179.34577775001526, 181.40652298927307, 183.47548723220825, 185.5366129875183, 187.5810351371765,
  189.655264377594, 191.7255871295929, 193.7953062057495, 195.8667619228363, 197.90403151512146,
  199.9753270149231, 202.0370364189148, 204.115305185318, 206.17704343795776, 208.2556357383728,
  210.31697058677673, 212.39594888687134, 214.46594953536987, 216.53597688674927,
  218.61603951454163, 220.67653679847717, 222.73693943023682, 224.81567645072937,
  226.92597889900208, 229.00598669052124, 231.06681942939758, 233.1459686756134, 235.21572852134705,
  237.28595614433289, 239.35536098480225, 241.42530155181885, 243.495703458786, 245.55695843696594,
  247.62728571891785, 249.70597863197327, 251.7515046596527, 253.82588124275208, 255.91581869125366,
  257.97693371772766, 260.0559649467468, 262.1256926059723, 264.19525241851807, 266.256591796875,
  268.32560300827026, 270.38662481307983, 272.4466347694397, 274.51668548583984, 276.5957226753235,
  278.6565246582031, 280.7260444164276, 282.795964717865, 284.8580629825592, 286.93303537368774,
  289.00566577911377, 291.0752856731415, 293.13650727272034, 295.19650077819824, 297.2656059265137,
  299.33692479133606, 301.41529989242554, 303.47691464424133, 305.55568408966064,
  307.6260635852814, 309.6959722042084, 311.75594568252563, 313.8169331550598, 315.8960449695587,
  317.97578859329224, 320.0459771156311, 322.1070911884308, 324.1855676174164, 326.24671602249146,
  328.3256993293762, 330.3868408203125, 332.466023683548, 334.5357024669647, 336.6138958930969,
  338.68567943573, 340.7559781074524, 342.82567858695984, 344.9161102771759, 346.9756124019623,
  349.03657937049866, 351.1065514087677, 353.1765558719635, 355.245726108551, 357.3157889842987,
  359.3852698802948, 361.46532249450684, 363.5357105731964, 365.6062397956848, 367.6669371128082,
  369.755667924881, 371.8256616592407, 373.9071328639984, 375.9765808582306, 378.0365126132965,
  380.0582733154297, 382.1457326412201, 384.21522283554077, 386.2756335735321, 388.3356213569641,
  390.4052233695984, 392.4752526283264, 394.5452527999878, 396.6159567832947, 398.6852695941925,
  400.7469301223755, 402.82598757743835, 404.8968527317047, 406.97600531578064, 409.0457007884979,
  411.11555075645447, 413.1765487194061, 415.23654103279114, 417.3052704334259, 419.36651158332825,
  421.4355766773224, 423.5054597854614, 425.57550287246704, 427.64553332328796, 429.71582078933716,
  431.7852761745453, 433.84850549697876, 435.93662452697754, 438.0055785179138, 440.0669255256653,
  442.13591051101685, 444.2052791118622, 446.26654386520386, 448.33527851104736, 450.42533111572266,
  452.4866998195648, 454.56537079811096, 456.6456084251404, 458.715256690979, 460.78527998924255,
  462.86565947532654, 464.9454267024994, 467.00695753097534, 469.0769057273865, 471.15568590164185,
  473.21038365364075, 475.2856652736664, 477.3556718826294, 479.4103579521179, 481.4856975078583,
  483.5556721687317, 485.63022541999817, 487.7059781551361, 489.7766683101654, 491.8642168045044,
  493.92611289024353, 495.9952759742737, 498.0565457344055, 500.11663460731506, 502.19577860832214,
  504.2565324306488, 506.31696248054504, 508.38676476478577, 510.4656822681427, 512.5352811813354,
  514.6070792675018, 516.6768805980682, 518.7553110122681, 520.8165013790131, 522.906302690506,
  524.9853529930115, 527.0553495883942, 529.1170766353607, 531.1957223415375, 533.2570054531097,
  535.3357536792755, 537.4057195186615, 539.4767591953278, 541.5560874938965, 543.6269097328186,
  545.7063436508179, 547.7770240306854, 549.8741533756256, 551.9458405971527, 554.0261418819427,
  556.0743296146393, 558.156861782074, 560.2357523441315, 562.292732000351, 564.3657193183899,
  566.4371955394745, 568.5152554512024, 570.5764949321747, 572.6481688022614, 574.7252991199493,
  576.7870140075684, 578.8772413730621, 580.9139404296875, 582.9879927635193, 585.0565905570984,
  587.1176807880402, 589.1961679458618, 591.266521692276, 593.3276178836823, 595.4056739807129,
  597.4676971435547, 599.5369794368744, 601.6076784133911, 603.6855187416077, 605.7556774616241,
  607.8168804645538, 609.9178376197815, 611.9956243038177, 614.0671265125275, 616.1366226673126,
  618.2069318294525, 620.2867567539215, 622.3566045761108, 624.4265689849854, 626.4843349456787,
  628.5470743179321, 630.6167235374451, 632.6953885555267, 634.7677252292633, 636.8370521068573,
  638.9075982570648, 640.979510307312, 643.0476768016815, 645.1177251338959, 647.2056882381439,
  649.2677149772644, 651.3370475769043, 653.4069368839264, 655.486722946167, 657.5571329593658,
  659.6362919807434, 661.7167615890503, 663.7962181568146, 665.9064538478851, 667.9866435527802,
  670.0656273365021, 672.1355788707733, 674.2179696559906, 676.3081040382385, 678.3859469890594,
  680.4663262367249, 682.5367546081543, 684.6162552833557, 686.6857118606567, 688.7567255496979,
  690.8558530807495, 692.9367959499359, 695.016636133194, 697.0967409610748, 699.1867775917053,
  701.2657203674316, 703.3365290164948, 705.4065272808075, 707.4860785007477, 709.555685043335,
  711.6257436275482, 713.6977763175964, 715.7658364772797, 717.8587989807129, 719.9372110366821,
  722.0154776573181, 724.0877552032471, 726.1655631065369, 728.2353277206421, 730.2966642379761,
  732.3757059574127, 734.4472522735596, 736.5276205539703, 738.6055941581726, 740.6765413284302,
  742.7561748027802, 744.8261783123016, 746.9155642986298, 748.9804062843323, 751.0555903911591,
  753.1171798706055, 755.1962447166443, 757.2757153511047, 759.3472454547882, 761.426317691803,
  763.4966616630554, 765.5862872600555, 767.6562974452972, 769.7463126182556, 771.8271222114563,
  773.9082610607147, 775.9761123657227, 778.0457253456116, 780.1155843734741, 782.1771993637085,
  784.245579957962, 786.3153734207153, 788.3766419887543, 790.4553961753845, 792.5372869968414,
  794.607325553894, 796.6872096061707, 798.7566378116608, 800.8354034423828, 802.9372863769531,
  805.0176956653595, 807.0957403182983, 809.1414923667908, 811.215681552887, 813.2856924533844,
  815.3556561470032, 817.4277007579803, 819.5090384483337, 821.5867376327515, 823.6659870147705,
  825.7352769374847, 827.8052871227264, 829.8675918579102, 831.9468908309937, 834.0260164737701,
  836.0959627628326, 838.1659979820251, 840.2355906963348, 842.2965383529663, 844.3669633865356,
  846.447717666626, 848.5256867408752, 850.5869808197021, 852.6660058498383, 854.7358250617981,
  856.8058788776398, 858.8828597068787, 860.9767231941223, 863.0559568405151, 865.1267132759094,
  867.2056849002838, 869.2761836051941, 871.3460736274719, 873.4269540309906, 875.5067012310028,
  877.5759868621826, 879.646698474884, 881.7256855964661, 883.7960097789764, 885.8860449790955,
  887.9571626186371, 890.0259833335876, 892.095287322998, 894.1655328273773, 896.2353224754333,
  898.2973973751068, 900.366593837738, 902.4365386962891, 904.5177102088928, 906.5961215496063,
  908.6660051345825, 910.7367258071899, 912.8156614303589, 914.8862340450287, 916.98583817482,
  919.055962562561, 921.1260673999786, 923.205775976181, 925.2677936553955, 927.3467040061951,
  929.4266786575317, 931.4971482753754, 933.5768098831177, 935.6469724178314, 937.7367961406708,
  939.8157179355621, 941.8961389064789, 943.9855651855469, 946.0556192398071, 948.137200832367,
  950.2077925205231, 952.276983499527, 954.3469512462616, 956.4357323646545, 958.505291223526,
  960.5756034851074, 962.6457040309906, 964.715667963028, 966.7868218421936, 968.8868174552917,
  970.9754855632782, 973.0368173122406, 975.1020720005035, 977.1767725944519, 979.246949672699,
  981.3257224559784, 983.3860318660736, 985.4469654560089, 987.5366673469543, 989.6260251998901,
  991.6956870555878, 993.7569270133972, 995.8377447128296, 997.9167902469635, 999.9869225025177,
  1002.0567169189453, 1004.1467454433441, 1006.2173919677734, 1008.3056719303131,
  1010.3669176101685, 1012.4466886520386, 1014.5169506072998, 1016.5956628322601,
  1018.6676778793335, 1020.7456800937653, 1022.8068151473999, 1024.9059159755707,
  1026.975737810135, 1029.0454936027527, 1031.115831375122, 1033.1855549812317, 1035.2553007602692,
  1037.3252985477448, 1039.3965201377869, 1041.4653062820435, 1043.5358123779297,
  1045.5639510154724, 1047.6361095905304, 1049.696579694748, 1051.7565958499908, 1053.7915215492249,
  1055.8267049789429, 1057.8629176616669, 1059.8943197727203, 1061.9163129329681,
  1063.938892364502, 1065.9606046676636, 1067.9863278865814, 1070.0088028907776, 1072.0312643051147,
  1074.0563616752625, 1076.0898172855377, 1078.1252856254578, 1080.1604697704315,
  1082.1971135139465, 1084.23197722435, 1086.2674841880798, 1088.303602695465, 1090.3388261795044,
  1092.3745415210724, 1094.4099144935608, 1096.4445011615753, 1098.4718034267426,
  1100.5068490505219, 1102.5404856204987, 1104.5756523609161, 1106.6112399101257,
  1108.6465020179749, 1110.6813147068024, 1112.7155618667603, 1114.7500567436218,
  1116.7848551273346, 1118.8201837539673, 1120.8562881946564, 1122.8900282382965,
  1124.9148993492126, 1126.9399800300598, 1128.962340593338, 1130.98473238945, 1133.0070419311523,
  1135.0300097465515, 1137.0572440624237, 1139.0878655910492, 1141.123146533966, 1143.1596975326538,
  1145.1951591968536, 1147.2293858528137, 1149.2651076316833, 1151.300579547882, 1153.3355076313019,
  1155.3708972930908, 1157.4056446552277, 1159.4412117004395, 1161.4766237735748,
  1163.5110762119293, 1165.5447726249695, 1167.5793735980988, 1169.613935470581, 1171.6494009494781,
  1173.6858954429626, 1175.7210338115692, 1177.7562515735626, 1179.7916984558105,
  1181.8271889686584, 1183.8663942813873, 1185.8943433761597, 1187.9185321331024,
  1189.9407937526703, 1191.9657270908356, 1193.989693403244, 1196.0137887001038, 1198.0377917289734,
  1200.0677361488342]
