# This file was created by stressberry v0.3.3 on 2021-06-18 06:26:37.839955
ambient: []
cpu frequency: [600.16992, 600.117184, 700.20704, 600.16992, 600.117184, 600.117184,
  700.20704, 600.117184, 600.117184, 600.16992, 600.16992, 800.191424, 700.154304,
  700.154304, 700.154304, 700.154304, 700.154304, 600.117184, 600.117184, 600.16992,
  600.16992, 1000.2656, 900.228544, 700.154304, 700.154304, 600.16992, 600.16992,
  700.154304, 600.16992, 600.16992, 600.117184, 600.16992, 700.154304, 600.16992,
  600.16992, 600.16992, 700.154304, 600.16992, 600.16992, 600.117184, 800.24416, 700.154304,
  700.20704, 700.20704, 700.154304, 700.154304, 600.117184, 600.117184, 600.16992,
  700.20704, 900.228544, 900.228544, 1000.2656, 1000.212864, 1000.212864, 700.154304,
  800.191424, 600.117184, 600.16992, 600.16992, 600.16992, 600.117184, 600.117184,
  600.16992, 600.117184, 600.117184, 700.154304, 600.16992, 600.16992, 600.16992,
  800.191424, 600.16992, 700.154304, 700.154304, 1500.398464, 1500.345728, 1500.398464,
  1500.345728, 1500.345728, 1500.398464, 1500.398464, 1500.345728, 1500.345728, 1500.345728,
  1500.345728, 1500.345728, 1500.398464, 1500.345728, 1500.345728, 1500.345728, 1500.345728,
  1500.398464, 1500.398464, 1500.398464, 1500.398464, 1500.398464, 1500.345728, 1500.398464,
  1500.398464, 1500.345728, 1500.345728, 1500.345728, 1500.345728, 1500.345728, 1500.345728,
  1500.345728, 1500.345728, 1500.345728, 1500.345728, 1500.345728, 1500.398464, 1500.398464,
  1500.345728, 1500.398464, 1500.398464, 1500.345728, 1500.345728, 1500.398464, 1500.345728,
  1500.345728, 1500.345728, 1500.398464, 1500.398464, 1500.345728, 1500.345728, 1500.398464,
  1500.398464, 1500.345728, 1500.345728, 1500.398464, 1500.345728, 1500.345728, 1500.398464,
  1500.345728, 1500.398464, 1500.398464, 1500.345728, 1500.398464, 1500.345728, 1500.345728,
  1500.398464, 1500.398464, 1500.398464, 1500.345728, 1500.345728, 1500.345728, 1500.345728,
  1500.398464, 1500.345728, 1500.398464, 1500.398464, 1500.398464, 1500.398464, 1500.398464,
  1500.398464, 1500.398464, 1500.345728, 1500.345728, 1500.398464, 1500.398464, 1500.345728,
  1500.345728, 1500.398464, 1500.398464, 1500.398464, 1500.345728, 1500.398464, 1500.345728,
  1500.345728, 1500.345728, 1500.345728, 1500.345728, 1500.345728, 1500.345728, 1500.398464,
  1500.345728, 1500.345728, 1500.345728, 1500.398464, 1500.345728, 1500.345728, 1500.345728,
  1500.345728, 1500.345728, 1500.345728, 1500.398464, 1500.345728, 1500.345728, 1500.345728,
  1500.345728, 1500.398464, 1500.398464, 1500.398464, 1500.398464, 1500.345728, 1500.398464,
  1500.345728, 1500.398464, 1500.345728, 1500.345728, 1500.345728, 1500.345728, 1500.398464,
  1500.398464, 1500.345728, 1500.398464, 1500.345728, 1500.398464, 1500.345728, 1500.345728,
  1500.398464, 1500.398464, 1500.398464, 1500.345728, 1500.398464, 1500.345728, 1500.345728,
  1500.345728, 1500.398464, 1500.398464, 1500.398464, 1500.398464, 1500.345728, 1500.345728,
  1500.345728, 1500.345728, 1500.398464, 1500.398464, 1500.398464, 1500.398464, 1500.345728,
  1500.345728, 1500.398464, 1500.398464, 1500.345728, 1500.345728, 1500.345728, 1500.345728,
  1500.345728, 1500.398464, 1500.398464, 1500.398464, 1500.398464, 1500.398464, 1500.345728,
  1500.398464, 1500.345728, 1500.398464, 1500.345728, 1500.345728, 1500.345728, 1500.345728,
  1500.398464, 1500.398464, 1500.398464, 1500.345728, 1500.345728, 1500.345728, 1500.398464,
  1500.398464, 1500.345728, 1500.345728, 1500.345728, 1500.345728, 1500.398464, 1500.345728,
  1500.398464, 1500.345728, 1500.345728, 1500.398464, 1500.345728, 1500.398464, 1500.345728,
  1500.345728, 1500.398464, 1500.398464, 1500.345728, 1500.398464, 1500.345728, 1500.398464,
  1500.345728, 1500.398464, 1500.345728, 1500.345728, 1500.398464, 1500.345728, 1500.345728,
  1500.398464, 1500.345728, 1500.345728, 1500.345728, 1500.398464, 1500.398464, 1500.345728,
  1500.345728, 1500.398464, 1500.345728, 1500.398464, 1500.398464, 1500.398464, 1500.398464,
  1500.345728, 1500.398464, 1500.345728, 1500.398464, 1500.345728, 1500.398464, 1500.345728,
  1500.345728, 1500.398464, 1500.398464, 1500.345728, 1500.345728, 1500.345728, 1500.398464,
  1500.398464, 1500.398464, 1500.345728, 1500.345728, 1500.345728, 1500.345728, 1500.345728,
  1500.345728, 1500.398464, 1500.398464, 1500.398464, 1500.345728, 1500.345728, 1500.345728,
  1500.345728, 1500.398464, 1500.345728, 1500.398464, 1500.398464, 1500.398464, 1500.398464,
  1500.398464, 1500.345728, 1500.398464, 1500.345728, 1500.345728, 1500.398464, 1500.398464,
  1500.398464, 1500.345728, 1500.345728, 1500.345728, 1500.398464, 1500.345728, 1500.398464,
  1500.345728, 1500.398464, 1500.398464, 1500.398464, 1500.345728, 1500.345728, 1500.345728,
  1500.345728, 1500.345728, 1500.398464, 1500.345728, 1500.398464, 1500.398464, 1500.345728,
  1500.345728, 1500.345728, 1500.345728, 1500.345728, 1500.398464, 1500.345728, 1500.398464,
  1500.345728, 1500.345728, 1500.398464, 1500.345728, 1500.398464, 1500.345728, 1500.345728,
  1500.345728, 1500.345728, 1500.398464, 1500.398464, 1500.398464, 1500.345728, 1500.398464,
  1500.398464, 1500.345728, 1500.345728, 1500.345728, 1500.398464, 1500.398464, 1500.398464,
  1500.345728, 1500.398464, 1500.345728, 1500.398464, 1500.345728, 1500.345728, 1500.345728,
  1500.345728, 1500.345728, 1500.345728, 1500.345728, 1500.345728, 1500.345728, 1500.345728,
  1500.345728, 1500.398464, 1500.345728, 1500.398464, 1500.345728, 1500.345728, 1500.345728,
  1500.345728, 1500.398464, 1500.345728, 1500.345728, 1500.345728, 1500.398464, 1500.345728,
  1500.398464, 1500.398464, 1500.345728, 1500.345728, 1500.398464, 1500.398464, 1500.345728,
  1500.345728, 1500.345728, 1500.398464, 1500.398464, 1500.345728, 1500.398464, 1500.398464,
  1500.345728, 1500.345728, 1500.345728, 1500.345728, 1500.398464, 1500.398464, 1500.398464,
  1500.345728, 1500.345728, 1500.398464, 1500.345728, 1500.345728, 1500.398464, 1500.345728,
  1500.345728, 1500.345728, 1500.345728, 1500.398464, 1500.398464, 1500.398464, 1500.345728,
  1500.398464, 1500.345728, 1500.398464, 1500.345728, 1500.398464, 1500.398464, 1500.398464,
  1500.345728, 1500.345728, 1500.398464, 1500.398464, 1500.345728, 1500.345728, 1500.345728,
  1500.345728, 1500.345728, 1500.398464, 1500.345728, 1500.345728, 1500.345728, 1500.398464,
  1500.398464, 1500.398464, 1500.398464, 1500.398464, 1500.398464, 1500.398464, 1500.345728,
  1500.398464, 1500.345728, 1500.398464, 1500.398464, 1500.398464, 1500.398464, 1500.398464,
  1500.345728, 1500.345728, 1500.398464, 1500.345728, 1500.398464, 1500.398464, 1500.398464,
  1500.345728, 1500.345728, 1500.345728, 1500.398464, 1500.345728, 1500.345728, 1500.345728,
  1500.398464, 1500.398464, 1500.398464, 1500.345728, 1500.345728, 600.117184, 600.16992,
  600.16992, 1000.212864, 900.228544, 900.175808, 800.191424, 700.154304, 600.16992,
  700.154304, 600.117184, 600.16992, 600.117184, 600.16992, 600.16992, 700.154304,
  600.16992, 600.16992, 600.16992, 600.117184, 700.154304, 600.117184, 600.16992,
  600.16992, 600.117184, 800.24416, 700.20704, 600.117184, 600.16992, 600.16992, 700.154304,
  600.16992, 600.16992, 1000.2656, 800.191424, 700.20704, 600.16992, 600.117184, 700.154304,
  600.117184, 600.16992, 600.16992, 700.154304, 600.16992, 600.117184, 700.154304,
  600.117184, 800.191424, 700.154304, 600.117184, 600.16992, 600.16992, 600.16992,
  800.191424, 800.191424, 600.16992, 600.16992, 600.117184, 700.20704, 600.117184,
  600.16992, 700.154304, 800.191424, 700.154304, 600.16992, 600.16992, 600.117184,
  600.16992, 600.117184, 600.16992, 600.16992, 600.16992, 700.154304, 600.16992]
name: bare
temperature: [47.7, 47.2, 47.2, 48.7, 47.7, 48.2, 46.7, 47.2, 47.7, 47.7, 48.2, 47.7,
  47.7, 47.7, 48.2, 47.2, 48.2, 47.7, 47.7, 48.2, 47.7, 48.7, 47.7, 47.7, 47.7, 48.2,
  48.7, 48.2, 48.2, 47.7, 48.2, 48.2, 47.2, 47.7, 48.2, 48.2, 48.2, 48.7, 48.2, 48.7,
  49.1, 48.7, 49.6, 48.2, 48.7, 49.6, 49.1, 49.1, 49.6, 49.1, 48.7, 49.6, 49.1, 48.7,
  48.7, 48.7, 50.1, 49.6, 49.1, 48.7, 49.1, 49.1, 48.2, 48.7, 49.6, 49.6, 48.7, 49.1,
  49.6, 48.7, 49.6, 49.1, 49.6, 49.6, 51.1, 53.5, 55.0, 56.0, 56.9, 56.4, 58.4, 58.4,
  56.9, 58.4, 57.4, 58.9, 59.4, 60.3, 60.3, 59.9, 59.9, 60.3, 60.3, 60.8, 60.8, 61.8,
  61.8, 61.8, 62.3, 61.8, 62.8, 62.8, 63.7, 63.3, 63.3, 64.2, 61.8, 64.2, 64.2, 64.7,
  64.7, 64.7, 65.2, 65.2, 64.7, 64.2, 64.2, 65.2, 65.2, 64.7, 64.7, 65.7, 66.2, 66.2,
  65.2, 65.7, 67.2, 67.2, 67.2, 66.2, 66.7, 67.2, 67.2, 68.1, 67.6, 68.1, 67.6, 68.6,
  66.7, 68.6, 67.6, 67.6, 68.1, 68.1, 68.6, 68.1, 69.1, 68.6, 67.6, 68.6, 67.6, 68.6,
  68.6, 68.6, 69.1, 69.1, 68.6, 69.1, 69.6, 70.6, 69.6, 69.6, 69.1, 69.6, 69.1, 70.6,
  69.6, 69.1, 69.6, 70.6, 70.1, 70.1, 70.1, 70.6, 71.1, 70.6, 70.1, 70.6, 70.6, 72.5,
  71.5, 71.1, 71.5, 71.5, 71.5, 71.1, 72.0, 71.5, 71.5, 71.5, 72.0, 72.5, 72.0, 71.5,
  71.1, 72.0, 72.0, 72.0, 71.5, 72.0, 72.0, 72.0, 72.5, 72.0, 71.1, 72.0, 72.5, 72.5,
  72.5, 73.0, 72.5, 72.0, 72.0, 72.5, 73.0, 73.0, 72.5, 73.5, 73.0, 72.5, 72.5, 72.5,
  73.0, 73.0, 73.0, 72.5, 72.5, 72.0, 72.5, 73.5, 73.5, 74.0, 73.5, 73.5, 74.5, 73.5,
  73.0, 73.5, 75.0, 73.5, 73.5, 73.5, 73.5, 73.5, 73.0, 72.5, 73.5, 74.0, 73.5, 72.5,
  72.5, 73.0, 73.0, 74.0, 73.5, 74.0, 74.0, 72.5, 74.0, 74.0, 73.0, 73.5, 73.5, 73.5,
  75.0, 74.0, 72.5, 74.0, 73.5, 74.5, 74.5, 74.5, 75.0, 74.0, 74.0, 74.5, 74.0, 75.0,
  74.0, 75.4, 73.0, 74.0, 74.5, 75.4, 74.5, 74.0, 75.0, 75.0, 75.4, 75.0, 75.0, 74.0,
  74.5, 73.5, 74.0, 74.5, 75.0, 74.5, 75.0, 75.0, 74.5, 75.0, 74.5, 75.0, 75.4, 75.4,
  75.0, 74.5, 75.9, 75.4, 75.4, 74.5, 75.4, 75.0, 75.9, 75.4, 74.0, 75.4, 75.0, 75.0,
  75.9, 74.5, 74.5, 74.5, 74.5, 75.0, 74.5, 75.0, 75.0, 75.9, 75.4, 75.0, 74.5, 74.5,
  75.0, 75.0, 75.0, 74.5, 76.4, 75.4, 75.4, 76.9, 75.9, 75.0, 75.0, 75.4, 75.0, 75.4,
  75.4, 75.4, 75.4, 75.9, 75.9, 74.5, 75.0, 75.0, 75.9, 75.4, 75.4, 75.4, 75.0, 75.0,
  74.5, 75.4, 75.9, 75.4, 75.9, 75.4, 75.0, 75.9, 75.4, 75.0, 75.4, 75.9, 75.9, 76.4,
  75.4, 75.9, 75.0, 75.4, 75.0, 74.5, 75.9, 75.0, 75.9, 74.5, 75.4, 76.4, 76.4, 75.0,
  75.9, 75.4, 75.9, 75.4, 75.0, 75.9, 75.0, 75.4, 75.9, 75.9, 76.9, 75.9, 75.4, 75.4,
  76.9, 76.4, 75.9, 75.9, 76.4, 76.4, 76.4, 76.9, 75.9, 77.4, 75.9, 76.9, 76.4, 75.9,
  75.4, 75.9, 75.9, 76.4, 75.4, 75.4, 75.4, 76.4, 75.9, 75.4, 76.9, 75.9, 75.9, 75.9,
  77.4, 75.9, 76.9, 76.4, 76.9, 76.4, 77.4, 76.4, 76.9, 76.9, 76.9, 75.9, 75.9, 77.4,
  75.9, 75.9, 76.9, 75.9, 76.4, 76.9, 75.4, 75.4, 76.4, 76.4, 75.9, 76.4, 76.4, 76.4,
  75.9, 76.4, 76.4, 75.9, 76.4, 76.4, 77.9, 76.9, 76.4, 76.4, 76.9, 77.4, 75.4, 75.4,
  75.9, 75.9, 75.4, 76.4, 76.4, 76.4, 76.4, 75.9, 76.4, 75.9, 75.4, 75.0, 75.4, 75.4,
  75.4, 74.0, 75.4, 75.4, 75.4, 75.4, 75.0, 74.5, 74.0, 75.0, 75.0, 75.0, 74.5, 75.9,
  75.4, 75.4, 75.0, 74.5, 75.4, 75.9, 75.4, 71.1, 69.6, 68.6, 69.6, 68.1, 67.2, 67.6,
  66.7, 65.7, 64.7, 65.7, 65.7, 64.7, 64.7, 64.2, 64.2, 63.7, 64.7, 63.3, 63.3, 64.2,
  62.8, 62.8, 62.3, 63.3, 61.8, 62.8, 62.3, 62.8, 61.8, 61.8, 60.8, 61.8, 60.8, 60.3,
  61.8, 61.3, 59.4, 60.3, 60.3, 59.9, 60.8, 59.4, 60.3, 58.9, 59.9, 59.4, 58.9, 58.4,
  59.4, 58.9, 58.9, 59.4, 58.9, 58.9, 58.4, 57.9, 58.4, 57.9, 58.4, 58.4, 58.4, 58.9,
  57.9, 57.4, 56.9, 57.4, 57.9, 56.9, 56.4, 57.4, 56.9, 56.9, 56.9]
time: [0.0, 2.035200834274292, 4.070224046707153, 6.104646682739258, 8.139626264572144,
  10.174970865249634, 12.209965467453003, 14.242897033691406, 16.277621030807495,
  18.312329053878784, 20.347041368484497, 22.383142471313477, 24.412599802017212,
  26.44297218322754, 28.47328782081604, 30.503376960754395, 32.53660178184509, 34.56698417663574,
  36.60163354873657, 38.63630533218384, 40.67311215400696, 42.70938682556152, 44.742615699768066,
  46.769402265548706, 48.800498723983765, 50.83173370361328, 52.86767363548279, 54.90272068977356,
  56.93640208244324, 58.97131872177124, 61.00650072097778, 63.04436230659485, 65.08034038543701,
  67.11698842048645, 69.15209603309631, 71.1868417263031, 73.22376203536987, 75.2592408657074,
  77.29517602920532, 79.3304352760315, 81.36689901351929, 83.40351963043213, 85.43495321273804,
  87.4656720161438, 89.49569511413574, 91.52629518508911, 93.55649495124817, 95.59161567687988,
  97.62637400627136, 99.66157460212708, 101.69221496582031, 103.7169861793518, 105.74112224578857,
  107.76306462287903, 109.78576421737671, 111.80794191360474, 113.83198761940002,
  115.8588514328003, 117.89209961891174, 119.92680525779724, 121.96154832839966, 123.99727940559387,
  126.03225111961365, 128.0680582523346, 130.1027648448944, 132.13861846923828, 134.17436337471008,
  136.2099630832672, 138.24517226219177, 140.27994012832642, 142.31463980674744, 144.35154056549072,
  146.39263200759888, 148.42293787002563, 150.4533178806305, 152.51257038116455, 154.58266162872314,
  156.6681685447693, 158.74229288101196, 160.8125593662262, 162.88255763053894, 164.95250725746155,
  167.01349639892578, 169.08389973640442, 171.1625692844391, 173.23263955116272, 175.30270075798035,
  177.37288355827332, 179.45297646522522, 181.5141463279724, 183.59234237670898, 185.66275072097778,
  187.7523763179779, 189.8228006362915, 191.88375186920166, 193.9625461101532, 196.03247046470642,
  198.10229754447937, 200.1629068851471, 202.2324755191803, 204.3025438785553, 206.36373162269592,
  208.44264101982117, 210.51245784759521, 212.58227968215942, 214.66146755218506,
  216.7226526737213, 218.79260754585266, 220.8625304698944, 222.9325931072235, 225.00255632400513,
  227.07226514816284, 229.14247941970825, 231.20361924171448, 233.28278470039368,
  235.3525288105011, 237.43251752853394, 239.50351476669312, 241.58229780197144, 243.66880226135254,
  245.7135694026947, 247.79359102249146, 249.8639316558838, 251.9465458393097, 254.01393580436707,
  256.0927617549896, 258.1626994609833, 260.2326970100403, 262.302668094635, 264.3737506866455,
  266.44409680366516, 268.5129611492157, 270.58298778533936, 272.68715834617615, 274.7540330886841,
  276.8326745033264, 278.9029805660248, 280.97649002075195, 283.05302572250366, 285.1265344619751,
  287.19402527809143, 289.2727177143097, 291.3275101184845, 293.40685629844666, 295.47398614883423,
  297.5526773929596, 299.62297320365906, 301.7174217700958, 303.7877633571625, 305.8539865016937,
  307.9239842891693, 309.9978504180908, 312.0765423774719, 314.1529920101166, 316.22535467147827,
  318.30270743370056, 320.36683917045593, 322.4429931640625, 324.52301502227783, 326.58782958984375,
  328.6658298969269, 330.7527539730072, 332.8267819881439, 334.89394664764404, 336.9679260253906,
  339.0339946746826, 341.1126685142517, 343.1739523410797, 345.2569193840027, 347.34264516830444,
  349.4042401313782, 351.47398138046265, 353.5526657104492, 355.62270164489746, 357.7039723396301,
  359.78270196914673, 361.8527386188507, 363.912957906723, 365.982706785202, 368.05270433425903,
  370.0985643863678, 372.17651438713074, 374.2375440597534, 376.3039929866791, 378.3735110759735,
  380.4388918876648, 382.5227234363556, 384.5927367210388, 386.65315556526184, 388.72283482551575,
  390.79287576675415, 392.85782122612, 394.93270206451416, 396.99393463134766, 399.0726592540741,
  401.1430022716522, 403.2129690647125, 405.28269267082214, 407.3530387878418, 409.413941860199,
  411.49271297454834, 413.55781388282776, 415.63301277160645, 417.7230122089386, 419.7930178642273,
  421.8630039691925, 423.9240162372589, 426.00270795822144, 428.0729968547821, 430.1429784297943,
  432.2077519893646, 434.27293944358826, 436.33392238616943, 438.41255354881287, 440.48225808143616,
  442.5565276145935, 444.62394547462463, 446.713073015213, 448.78300428390503, 450.8527307510376,
  452.9160387516022, 454.9965648651123, 457.07650876045227, 459.1626751422882, 461.23267245292664,
  463.2785909175873, 465.35660552978516, 467.39856362342834, 469.4574704170227, 471.52773880958557,
  473.6026453971863, 475.66415524482727, 477.7388918399811, 479.81267857551575, 481.8739364147186,
  483.9440529346466, 486.0186336040497, 488.08393359184265, 490.1578712463379, 492.23266792297363,
  494.3068072795868, 496.3798167705536, 498.4530053138733, 500.52272939682007, 502.5967993736267,
  504.6731028556824, 506.7275221347809, 508.7935256958008, 510.86352372169495, 512.9423162937164,
  514.9882409572601, 517.0626318454742, 519.1325833797455, 521.1928169727325, 523.2625875473022,
  525.332601070404, 527.4024205207825, 529.464026927948, 531.5313560962677, 533.6065044403076,
  535.7030255794525, 537.7828183174133, 539.8439757823944, 541.9265010356903, 544.0027306079865,
  546.0677831172943, 548.1426968574524, 550.203996181488, 552.273931980133, 554.3526730537415,
  556.4268159866333, 558.503000497818, 560.572979927063, 562.6347796916962, 564.6731808185577,
  566.7427246570587, 568.8127384185791, 570.8739852905273, 572.9429423809052, 575.0135087966919,
  577.0826601982117, 579.1526851654053, 581.2266390323639, 583.293942451477, 585.3776679039001,
  587.4665238857269, 589.542712688446, 591.6127524375916, 593.6927213668823, 595.7664778232574,
  597.8426561355591, 599.9127020835876, 601.9865407943726, 604.0577576160431, 606.1329896450043,
  608.2026829719543, 610.2722737789154, 612.3336174488068, 614.4224240779877, 616.4923129081726,
  618.5625948905945, 620.6322512626648, 622.7030889987946, 624.7730033397675, 626.8335909843445,
  628.9122776985168, 630.9823989868164, 633.0522561073303, 635.1222715377808, 637.1835675239563,
  639.2623653411865, 641.3326861858368, 643.3927881717682, 645.4827444553375, 647.5568313598633,
  649.6329579353333, 651.7227756977081, 653.8065803050995, 655.8829905986786, 657.9530262947083,
  660.0230057239532, 662.0927140712738, 664.1627135276794, 666.2326736450195, 668.3026905059814,
  670.3737568855286, 672.4527575969696, 674.526533126831, 676.6027059555054, 678.6641373634338,
  680.7468183040619, 682.8139598369598, 684.893009185791, 686.9665474891663, 689.0186195373535,
  691.0879862308502, 693.1626591682434, 695.2326674461365, 697.3065049648285, 699.3930838108063,
  701.4665892124176, 703.5378005504608, 705.6140019893646, 707.7166011333466, 709.7928023338318,
  711.8665301799774, 713.933934211731, 716.0127630233765, 718.0865187644958, 720.1385705471039,
  722.2129473686218, 724.2739751338959, 726.3529977798462, 728.4139478206635, 730.4926919937134,
  732.5665473937988, 734.6479985713959, 736.6929297447205, 738.7627649307251, 740.8323171138763,
  742.9023110866547, 744.9722940921783, 747.0422823429108, 749.1036100387573, 751.1673791408539,
  753.2425200939178, 755.265597820282, 757.3335094451904, 759.4129955768585, 761.4671127796173,
  763.5330617427826, 765.6024687290192, 767.676655292511, 769.7439475059509, 771.8139667510986,
  773.8966045379639, 775.9765815734863, 778.0430083274841, 780.1034851074219, 782.1636009216309,
  784.2429482936859, 786.302939414978, 788.3741064071655, 790.4429707527161, 792.512942314148,
  794.5739543437958, 796.6530764102936, 798.7139837741852, 800.7839677333832, 802.8629417419434,
  804.9326844215393, 806.9977827072144, 809.0639145374298, 811.1467723846436, 813.2229886054993,
  815.2839925289154, 817.3626749515533, 819.4239094257355, 821.4950845241547, 823.5485465526581,
  825.6227071285248, 827.6940493583679, 829.7726984024048, 831.846845626831, 833.9265103340149,
  836.0026924610138, 838.0727026462555, 840.096125125885, 842.1765682697296, 844.2527205944061,
  846.3229970932007, 848.3961687088013, 850.4723222255707, 852.5426151752472, 854.6126897335052,
  856.6964180469513, 858.7728202342987, 860.8335134983063, 862.9125039577484, 864.9825794696808,
  867.0426049232483, 869.1036067008972, 871.1736443042755, 873.243620634079, 875.3139300346375,
  877.3965713977814, 879.44859790802, 881.5226838588715, 883.583954334259, 885.6656415462494,
  887.7427365779877, 889.8039472103119, 891.8739626407623, 893.94775223732, 896.0226399898529,
  898.0839850902557, 900.1626918315887, 902.2426795959473, 904.3127362728119, 906.3868455886841,
  908.4734048843384, 910.5340020656586, 912.6039788722992, 914.702766418457, 916.7767794132233,
  918.8526630401611, 920.9225487709045, 922.9926047325134, 925.0539748668671, 927.1239647865295,
  929.2067739963531, 931.2826759815216, 933.3439092636108, 935.4140317440033, 937.4877469539642,
  939.5629243850708, 941.6650977134705, 943.7427279949188, 945.8040254116058, 947.8829944133759,
  949.9529981613159, 952.02272605896, 954.106526851654, 956.1826694011688, 958.2527093887329,
  960.3227095603943, 962.3928294181824, 964.4578640460968, 966.532698392868, 968.6027071475983,
  970.6748402118683, 972.7527115345001, 974.8229920864105, 976.896844625473, 978.9729993343353,
  981.0426862239838, 983.1264572143555, 985.2066555023193, 987.2866089344025, 989.357926607132,
  991.4238364696503, 993.5068316459656, 995.5864827632904, 997.6866018772125, 999.7539386749268,
  1001.8329720497131, 1003.8939318656921, 1005.9765887260437, 1008.0429563522339,
  1010.1039433479309, 1012.192688703537, 1014.2626819610596, 1016.3366479873657, 1018.4329841136932,
  1020.4939255714417, 1022.5765378475189, 1024.6610970497131, 1026.74680352211, 1028.8024280071259,
  1030.8639686107635, 1032.9465503692627, 1035.0227191448212, 1037.0927140712738,
  1039.1539916992188, 1041.224036693573, 1043.2935755252838, 1045.373188495636, 1047.4339604377747,
  1049.5147819519043, 1051.5927617549896, 1053.6288249492645, 1055.6658220291138,
  1057.7028176784515, 1059.7327013015747, 1061.7579445838928, 1063.7832264900208,
  1065.8109052181244, 1067.8415033817291, 1069.877257347107, 1071.9103801250458, 1073.9453296661377,
  1075.9801967144012, 1078.0156090259552, 1080.05033993721, 1082.084976196289, 1084.1190288066864,
  1086.1537220478058, 1088.188977241516, 1090.2236609458923, 1092.2583565711975, 1094.2937836647034,
  1096.3288197517395, 1098.3641338348389, 1100.3995685577393, 1102.43430352211, 1104.466203212738,
  1106.497495174408, 1108.5328125953674, 1110.5675203800201, 1112.6022131443024, 1114.636911869049,
  1116.6825604438782, 1118.7185027599335, 1120.754455089569, 1122.7829360961914, 1124.814249753952,
  1126.8501827716827, 1128.8868660926819, 1130.9205179214478, 1132.9556770324707,
  1134.9911556243896, 1137.0259511470795, 1139.063714504242, 1141.0986020565033, 1143.1336195468903,
  1145.16464138031, 1147.1993696689606, 1149.23872590065, 1151.270877122879, 1153.306405544281,
  1155.341156721115, 1157.3793168067932, 1159.415859222412, 1161.4530243873596, 1163.4848501682281,
  1165.5195574760437, 1167.554253578186, 1169.5924417972565, 1171.6284499168396, 1173.6657161712646,
  1175.7016241550446, 1177.7319548130035, 1179.759069442749, 1181.7845649719238, 1183.8180181980133,
  1185.8541271686554, 1187.890117406845, 1189.925971031189, 1191.9617936611176, 1193.9974248409271,
  1196.0323374271393, 1198.0673105716705, 1200.1009368896484]
